<?xml version="1.0" encoding="UTF-8"?>
<!-- Generated by org.testng.reporters.JUnitReportReporter -->
<testsuite hostname="CAMKHWNCN4853XB" failures="0" tests="1" name="testNGPackage.testClass3" time="0.013" errors="0" timestamp="2022-03-06T12:33:13 EST" skipped="0">
  <testcase classname="testNGPackage.testClass3" name="demo2" time="0.013"/>
  <system-out/>
</testsuite> <!-- testNGPackage.testClass3 -->
