<?xml version="1.0" encoding="UTF-8"?>
<!-- Generated by org.testng.reporters.JUnitReportReporter -->
<testsuite hostname="CAMKHWNCN4853XB" failures="0" tests="3" name="testNGPackage.testClass4" time="0.004" errors="0" timestamp="2022-03-06T12:33:13 EST" skipped="0">
  <testcase classname="testNGPackage.testClass4" name="demo5" time="0.001"/>
  <system-out/>
  <testcase classname="testNGPackage.testClass4" name="demo6" time="0.001"/>
  <system-out/>
  <testcase classname="testNGPackage.testClass4" name="demo4" time="0.002"/>
  <system-out/>
</testsuite> <!-- testNGPackage.testClass4 -->
