<?xml version="1.0" encoding="UTF-8"?>
<!-- Generated by org.testng.reporters.JUnitReportReporter -->
<testsuite hostname="CAMKHWNCN4853XB" failures="0" tests="1" name="testNGPackage.testClass2" time="0.001" errors="0" timestamp="2022-02-26T19:10:49 EST" skipped="0">
  <testcase classname="testNGPackage.testClass2" name="demo" time="0.001"/>
  <system-out/>
</testsuite> <!-- testNGPackage.testClass2 -->
