<?xml version="1.0" encoding="UTF-8"?>
<!-- Generated by org.testng.reporters.JUnitReportReporter -->
<testsuite hostname="CAMKHWNCN4853XB" failures="0" tests="2" name="AppiumPractice.AppiumFramework.ecommerce_tc_4" time="117.168" errors="1" timestamp="2022-05-15T01:21:00 EDT" skipped="0">
  <testcase classname="AppiumPractice.AppiumFramework.ecommerce_tc_4" name="stopServer" time="0.004">
    <error type="java.lang.StackOverflowError">
      <![CDATA[java.lang.StackOverflowError
at AppiumPractice.AppiumFramework.ecommerce_tc_4.stopServer(ecommerce_tc_4.java:141)
at AppiumPractice.AppiumFramework.ecommerce_tc_4.stopServer(ecommerce_tc_4.java:141)
at AppiumPractice.AppiumFramework.ecommerce_tc_4.stopServer(ecommerce_tc_4.java:141)
at AppiumPractice.AppiumFramework.ecommerce_tc_4.stopServer(ecommerce_tc_4.java:141)
at AppiumPractice.AppiumFramework.ecommerce_tc_4.stopServer(ecommerce_tc_4.java:141)
at AppiumPractice.AppiumFramework.ecommerce_tc_4.stopServer(ecommerce_tc_4.java:141)
at AppiumPractice.AppiumFramework.ecommerce_tc_4.stopServer(ecommerce_tc_4.java:141)
at AppiumPractice.AppiumFramework.ecommerce_tc_4.stopServer(ecommerce_tc_4.java:141)
at AppiumPractice.AppiumFramework.ecommerce_tc_4.stopServer(ecommerce_tc_4.java:141)
at AppiumPractice.AppiumFramework.ecommerce_tc_4.stopServer(ecommerce_tc_4.java:141)
at AppiumPractice.AppiumFramework.ecommerce_tc_4.stopServer(ecommerce_tc_4.java:141)
at AppiumPractice.AppiumFramework.ecommerce_tc_4.stopServer(ecommerce_tc_4.java:141)
at AppiumPractice.AppiumFramework.ecommerce_tc_4.stopServer(ecommerce_tc_4.java:141)
at AppiumPractice.AppiumFramework.ecommerce_tc_4.stopServer(ecommerce_tc_4.java:141)
at AppiumPractice.AppiumFramework.ecommerce_tc_4.stopServer(ecommerce_tc_4.java:141)
at AppiumPractice.AppiumFramework.ecommerce_tc_4.stopServer(ecommerce_tc_4.java:141)
at AppiumPractice.AppiumFramework.ecommerce_tc_4.stopServer(ecommerce_tc_4.java:141)
at AppiumPractice.AppiumFramework.ecommerce_tc_4.stopServer(ecommerce_tc_4.java:141)
at AppiumPractice.AppiumFramework.ecommerce_tc_4.stopServer(ecommerce_tc_4.java:141)
at AppiumPractice.AppiumFramework.ecommerce_tc_4.stopServer(ecommerce_tc_4.java:141)
at AppiumPractice.AppiumFramework.ecommerce_tc_4.stopServer(ecommerce_tc_4.java:141)
at AppiumPractice.AppiumFramework.ecommerce_tc_4.stopServer(ecommerce_tc_4.java:141)
at AppiumPractice.AppiumFramework.ecommerce_tc_4.stopServer(ecommerce_tc_4.java:141)
at AppiumPractice.AppiumFramework.ecommerce_tc_4.stopServer(ecommerce_tc_4.java:141)
at AppiumPractice.AppiumFramework.ecommerce_tc_4.stopServer(ecommerce_tc_4.java:141)
at AppiumPractice.AppiumFramework.ecommerce_tc_4.stopServer(ecommerce_tc_4.java:141)
at AppiumPractice.AppiumFramework.ecommerce_tc_4.stopServer(ecommerce_tc_4.java:141)
at AppiumPractice.AppiumFramework.ecommerce_tc_4.stopServer(ecommerce_tc_4.java:141)
at AppiumPractice.AppiumFramework.ecommerce_tc_4.stopServer(ecommerce_tc_4.java:141)
at AppiumPractice.AppiumFramework.ecommerce_tc_4.stopServer(ecommerce_tc_4.java:141)
at AppiumPractice.AppiumFramework.ecommerce_tc_4.stopServer(ecommerce_tc_4.java:141)
at AppiumPractice.AppiumFramework.ecommerce_tc_4.stopServer(ecommerce_tc_4.java:141)
at AppiumPractice.AppiumFramework.ecommerce_tc_4.stopServer(ecommerce_tc_4.java:141)
at AppiumPractice.AppiumFramework.ecommerce_tc_4.stopServer(ecommerce_tc_4.java:141)
at AppiumPractice.AppiumFramework.ecommerce_tc_4.stopServer(ecommerce_tc_4.java:141)
at AppiumPractice.AppiumFramework.ecommerce_tc_4.stopServer(ecommerce_tc_4.java:141)
at AppiumPractice.AppiumFramework.ecommerce_tc_4.stopServer(ecommerce_tc_4.java:141)
at AppiumPractice.AppiumFramework.ecommerce_tc_4.stopServer(ecommerce_tc_4.java:141)
at AppiumPractice.AppiumFramework.ecommerce_tc_4.stopServer(ecommerce_tc_4.java:141)
at AppiumPractice.AppiumFramework.ecommerce_tc_4.stopServer(ecommerce_tc_4.java:141)
at AppiumPractice.AppiumFramework.ecommerce_tc_4.stopServer(ecommerce_tc_4.java:141)
at AppiumPractice.AppiumFramework.ecommerce_tc_4.stopServer(ecommerce_tc_4.java:141)
at AppiumPractice.AppiumFramework.ecommerce_tc_4.stopServer(ecommerce_tc_4.java:141)
at AppiumPractice.AppiumFramework.ecommerce_tc_4.stopServer(ecommerce_tc_4.java:141)
at AppiumPractice.AppiumFramework.ecommerce_tc_4.stopServer(ecommerce_tc_4.java:141)
at AppiumPractice.AppiumFramework.ecommerce_tc_4.stopServer(ecommerce_tc_4.java:141)
at AppiumPractice.AppiumFramework.ecommerce_tc_4.stopServer(ecommerce_tc_4.java:141)
at AppiumPractice.AppiumFramework.ecommerce_tc_4.stopServer(ecommerce_tc_4.java:141)
at AppiumPractice.AppiumFramework.ecommerce_tc_4.stopServer(ecommerce_tc_4.java:141)
at AppiumPractice.AppiumFramework.ecommerce_tc_4.stopServer(ecommerce_tc_4.java:141)
at AppiumPractice.AppiumFramework.ecommerce_tc_4.stopServer(ecommerce_tc_4.java:141)
at AppiumPractice.AppiumFramework.ecommerce_tc_4.stopServer(ecommerce_tc_4.java:141)
at AppiumPractice.AppiumFramework.ecommerce_tc_4.stopServer(ecommerce_tc_4.java:141)
at AppiumPractice.AppiumFramework.ecommerce_tc_4.stopServer(ecommerce_tc_4.java:141)
at AppiumPractice.AppiumFramework.ecommerce_tc_4.stopServer(ecommerce_tc_4.java:141)
at AppiumPractice.AppiumFramework.ecommerce_tc_4.stopServer(ecommerce_tc_4.java:141)
at AppiumPractice.AppiumFramework.ecommerce_tc_4.stopServer(ecommerce_tc_4.java:141)
at AppiumPractice.AppiumFramework.ecommerce_tc_4.stopServer(ecommerce_tc_4.java:141)
at AppiumPractice.AppiumFramework.ecommerce_tc_4.stopServer(ecommerce_tc_4.java:141)
at AppiumPractice.AppiumFramework.ecommerce_tc_4.stopServer(ecommerce_tc_4.java:141)
at AppiumPractice.AppiumFramework.ecommerce_tc_4.stopServer(ecommerce_tc_4.java:141)
at AppiumPractice.AppiumFramework.ecommerce_tc_4.stopServer(ecommerce_tc_4.java:141)
at AppiumPractice.AppiumFramework.ecommerce_tc_4.stopServer(ecommerce_tc_4.java:141)
at AppiumPractice.AppiumFramework.ecommerce_tc_4.stopServer(ecommerce_tc_4.java:141)
at AppiumPractice.AppiumFramework.ecommerce_tc_4.stopServer(ecommerce_tc_4.java:141)
at AppiumPractice.AppiumFramework.ecommerce_tc_4.stopServer(ecommerce_tc_4.java:141)
at AppiumPractice.AppiumFramework.ecommerce_tc_4.stopServer(ecommerce_tc_4.java:141)
at AppiumPractice.AppiumFramework.ecommerce_tc_4.stopServer(ecommerce_tc_4.java:141)
at AppiumPractice.AppiumFramework.ecommerce_tc_4.stopServer(ecommerce_tc_4.java:141)
at AppiumPractice.AppiumFramework.ecommerce_tc_4.stopServer(ecommerce_tc_4.java:141)
at AppiumPractice.AppiumFramework.ecommerce_tc_4.stopServer(ecommerce_tc_4.java:141)
at AppiumPractice.AppiumFramework.ecommerce_tc_4.stopServer(ecommerce_tc_4.java:141)
at AppiumPractice.AppiumFramework.ecommerce_tc_4.stopServer(ecommerce_tc_4.java:141)
at AppiumPractice.AppiumFramework.ecommerce_tc_4.stopServer(ecommerce_tc_4.java:141)
at AppiumPractice.AppiumFramework.ecommerce_tc_4.stopServer(ecommerce_tc_4.java:141)
at AppiumPractice.AppiumFramework.ecommerce_tc_4.stopServer(ecommerce_tc_4.java:141)
at AppiumPractice.AppiumFramework.ecommerce_tc_4.stopServer(ecommerce_tc_4.java:141)
at AppiumPractice.AppiumFramework.ecommerce_tc_4.stopServer(ecommerce_tc_4.java:141)
at AppiumPractice.AppiumFramework.ecommerce_tc_4.stopServer(ecommerce_tc_4.java:141)
at AppiumPractice.AppiumFramework.ecommerce_tc_4.stopServer(ecommerce_tc_4.java:141)
at AppiumPractice.AppiumFramework.ecommerce_tc_4.stopServer(ecommerce_tc_4.java:141)
at AppiumPractice.AppiumFramework.ecommerce_tc_4.stopServer(ecommerce_tc_4.java:141)
at AppiumPractice.AppiumFramework.ecommerce_tc_4.stopServer(ecommerce_tc_4.java:141)
at AppiumPractice.AppiumFramework.ecommerce_tc_4.stopServer(ecommerce_tc_4.java:141)
at AppiumPractice.AppiumFramework.ecommerce_tc_4.stopServer(ecommerce_tc_4.java:141)
at AppiumPractice.AppiumFramework.ecommerce_tc_4.stopServer(ecommerce_tc_4.java:141)
at AppiumPractice.AppiumFramework.ecommerce_tc_4.stopServer(ecommerce_tc_4.java:141)
at AppiumPractice.AppiumFramework.ecommerce_tc_4.stopServer(ecommerce_tc_4.java:141)
at AppiumPractice.AppiumFramework.ecommerce_tc_4.stopServer(ecommerce_tc_4.java:141)
at AppiumPractice.AppiumFramework.ecommerce_tc_4.stopServer(ecommerce_tc_4.java:141)
at AppiumPractice.AppiumFramework.ecommerce_tc_4.stopServer(ecommerce_tc_4.java:141)
at AppiumPractice.AppiumFramework.ecommerce_tc_4.stopServer(ecommerce_tc_4.java:141)
at AppiumPractice.AppiumFramework.ecommerce_tc_4.stopServer(ecommerce_tc_4.java:141)
at AppiumPractice.AppiumFramework.ecommerce_tc_4.stopServer(ecommerce_tc_4.java:141)
at AppiumPractice.AppiumFramework.ecommerce_tc_4.stopServer(ecommerce_tc_4.java:141)
at AppiumPractice.AppiumFramework.ecommerce_tc_4.stopServer(ecommerce_tc_4.java:141)
at AppiumPractice.AppiumFramework.ecommerce_tc_4.stopServer(ecommerce_tc_4.java:141)
at AppiumPractice.AppiumFramework.ecommerce_tc_4.stopServer(ecommerce_tc_4.java:141)
at AppiumPractice.AppiumFramework.ecommerce_tc_4.stopServer(ecommerce_tc_4.java:141)
at AppiumPractice.AppiumFramework.ecommerce_tc_4.stopServer(ecommerce_tc_4.java:141)
at AppiumPractice.AppiumFramework.ecommerce_tc_4.stopServer(ecommerce_tc_4.java:141)
at AppiumPractice.AppiumFramework.ecommerce_tc_4.stopServer(ecommerce_tc_4.java:141)
at AppiumPractice.AppiumFramework.ecommerce_tc_4.stopServer(ecommerce_tc_4.java:141)
at AppiumPractice.AppiumFramework.ecommerce_tc_4.stopServer(ecommerce_tc_4.java:141)
at AppiumPractice.AppiumFramework.ecommerce_tc_4.stopServer(ecommerce_tc_4.java:141)
at AppiumPractice.AppiumFramework.ecommerce_tc_4.stopServer(ecommerce_tc_4.java:141)
at AppiumPractice.AppiumFramework.ecommerce_tc_4.stopServer(ecommerce_tc_4.java:141)
at AppiumPractice.AppiumFramework.ecommerce_tc_4.stopServer(ecommerce_tc_4.java:141)
at AppiumPractice.AppiumFramework.ecommerce_tc_4.stopServer(ecommerce_tc_4.java:141)
at AppiumPractice.AppiumFramework.ecommerce_tc_4.stopServer(ecommerce_tc_4.java:141)
at AppiumPractice.AppiumFramework.ecommerce_tc_4.stopServer(ecommerce_tc_4.java:141)
at AppiumPractice.AppiumFramework.ecommerce_tc_4.stopServer(ecommerce_tc_4.java:141)
at AppiumPractice.AppiumFramework.ecommerce_tc_4.stopServer(ecommerce_tc_4.java:141)
at AppiumPractice.AppiumFramework.ecommerce_tc_4.stopServer(ecommerce_tc_4.java:141)
at AppiumPractice.AppiumFramework.ecommerce_tc_4.stopServer(ecommerce_tc_4.java:141)
at AppiumPractice.AppiumFramework.ecommerce_tc_4.stopServer(ecommerce_tc_4.java:141)
at AppiumPractice.AppiumFramework.ecommerce_tc_4.stopServer(ecommerce_tc_4.java:141)
at AppiumPractice.AppiumFramework.ecommerce_tc_4.stopServer(ecommerce_tc_4.java:141)
at AppiumPractice.AppiumFramework.ecommerce_tc_4.stopServer(ecommerce_tc_4.java:141)
at AppiumPractice.AppiumFramework.ecommerce_tc_4.stopServer(ecommerce_tc_4.java:141)
at AppiumPractice.AppiumFramework.ecommerce_tc_4.stopServer(ecommerce_tc_4.java:141)
at AppiumPractice.AppiumFramework.ecommerce_tc_4.stopServer(ecommerce_tc_4.java:141)
at AppiumPractice.AppiumFramework.ecommerce_tc_4.stopServer(ecommerce_tc_4.java:141)
at AppiumPractice.AppiumFramework.ecommerce_tc_4.stopServer(ecommerce_tc_4.java:141)
at AppiumPractice.AppiumFramework.ecommerce_tc_4.stopServer(ecommerce_tc_4.java:141)
at AppiumPractice.AppiumFramework.ecommerce_tc_4.stopServer(ecommerce_tc_4.java:141)
at AppiumPractice.AppiumFramework.ecommerce_tc_4.stopServer(ecommerce_tc_4.java:141)
at AppiumPractice.AppiumFramework.ecommerce_tc_4.stopServer(ecommerce_tc_4.java:141)
at AppiumPractice.AppiumFramework.ecommerce_tc_4.stopServer(ecommerce_tc_4.java:141)
at AppiumPractice.AppiumFramework.ecommerce_tc_4.stopServer(ecommerce_tc_4.java:141)
at AppiumPractice.AppiumFramework.ecommerce_tc_4.stopServer(ecommerce_tc_4.java:141)
at AppiumPractice.AppiumFramework.ecommerce_tc_4.stopServer(ecommerce_tc_4.java:141)
at AppiumPractice.AppiumFramework.ecommerce_tc_4.stopServer(ecommerce_tc_4.java:141)
at AppiumPractice.AppiumFramework.ecommerce_tc_4.stopServer(ecommerce_tc_4.java:141)
at AppiumPractice.AppiumFramework.ecommerce_tc_4.stopServer(ecommerce_tc_4.java:141)
at AppiumPractice.AppiumFramework.ecommerce_tc_4.stopServer(ecommerce_tc_4.java:141)
at AppiumPractice.AppiumFramework.ecommerce_tc_4.stopServer(ecommerce_tc_4.java:141)
at AppiumPractice.AppiumFramework.ecommerce_tc_4.stopServer(ecommerce_tc_4.java:141)
at AppiumPractice.AppiumFramework.ecommerce_tc_4.stopServer(ecommerce_tc_4.java:141)
at AppiumPractice.AppiumFramework.ecommerce_tc_4.stopServer(ecommerce_tc_4.java:141)
at AppiumPractice.AppiumFramework.ecommerce_tc_4.stopServer(ecommerce_tc_4.java:141)
at AppiumPractice.AppiumFramework.ecommerce_tc_4.stopServer(ecommerce_tc_4.java:141)
at AppiumPractice.AppiumFramework.ecommerce_tc_4.stopServer(ecommerce_tc_4.java:141)
at AppiumPractice.AppiumFramework.ecommerce_tc_4.stopServer(ecommerce_tc_4.java:141)
at AppiumPractice.AppiumFramework.ecommerce_tc_4.stopServer(ecommerce_tc_4.java:141)
at AppiumPractice.AppiumFramework.ecommerce_tc_4.stopServer(ecommerce_tc_4.java:141)
at AppiumPractice.AppiumFramework.ecommerce_tc_4.stopServer(ecommerce_tc_4.java:141)
at AppiumPractice.AppiumFramework.ecommerce_tc_4.stopServer(ecommerce_tc_4.java:141)
at AppiumPractice.AppiumFramework.ecommerce_tc_4.stopServer(ecommerce_tc_4.java:141)
at AppiumPractice.AppiumFramework.ecommerce_tc_4.stopServer(ecommerce_tc_4.java:141)
at AppiumPractice.AppiumFramework.ecommerce_tc_4.stopServer(ecommerce_tc_4.java:141)
at AppiumPractice.AppiumFramework.ecommerce_tc_4.stopServer(ecommerce_tc_4.java:141)
at AppiumPractice.AppiumFramework.ecommerce_tc_4.stopServer(ecommerce_tc_4.java:141)
at AppiumPractice.AppiumFramework.ecommerce_tc_4.stopServer(ecommerce_tc_4.java:141)
at AppiumPractice.AppiumFramework.ecommerce_tc_4.stopServer(ecommerce_tc_4.java:141)
at AppiumPractice.AppiumFramework.ecommerce_tc_4.stopServer(ecommerce_tc_4.java:141)
at AppiumPractice.AppiumFramework.ecommerce_tc_4.stopServer(ecommerce_tc_4.java:141)
at AppiumPractice.AppiumFramework.ecommerce_tc_4.stopServer(ecommerce_tc_4.java:141)
at AppiumPractice.AppiumFramework.ecommerce_tc_4.stopServer(ecommerce_tc_4.java:141)
at AppiumPractice.AppiumFramework.ecommerce_tc_4.stopServer(ecommerce_tc_4.java:141)
at AppiumPractice.AppiumFramework.ecommerce_tc_4.stopServer(ecommerce_tc_4.java:141)
at AppiumPractice.AppiumFramework.ecommerce_tc_4.stopServer(ecommerce_tc_4.java:141)
at AppiumPractice.AppiumFramework.ecommerce_tc_4.stopServer(ecommerce_tc_4.java:141)
at AppiumPractice.AppiumFramework.ecommerce_tc_4.stopServer(ecommerce_tc_4.java:141)
at AppiumPractice.AppiumFramework.ecommerce_tc_4.stopServer(ecommerce_tc_4.java:141)
at AppiumPractice.AppiumFramework.ecommerce_tc_4.stopServer(ecommerce_tc_4.java:141)
at AppiumPractice.AppiumFramework.ecommerce_tc_4.stopServer(ecommerce_tc_4.java:141)
at AppiumPractice.AppiumFramework.ecommerce_tc_4.stopServer(ecommerce_tc_4.java:141)
at AppiumPractice.AppiumFramework.ecommerce_tc_4.stopServer(ecommerce_tc_4.java:141)
at AppiumPractice.AppiumFramework.ecommerce_tc_4.stopServer(ecommerce_tc_4.java:141)
at AppiumPractice.AppiumFramework.ecommerce_tc_4.stopServer(ecommerce_tc_4.java:141)
at AppiumPractice.AppiumFramework.ecommerce_tc_4.stopServer(ecommerce_tc_4.java:141)
at AppiumPractice.AppiumFramework.ecommerce_tc_4.stopServer(ecommerce_tc_4.java:141)
at AppiumPractice.AppiumFramework.ecommerce_tc_4.stopServer(ecommerce_tc_4.java:141)
at AppiumPractice.AppiumFramework.ecommerce_tc_4.stopServer(ecommerce_tc_4.java:141)
at AppiumPractice.AppiumFramework.ecommerce_tc_4.stopServer(ecommerce_tc_4.java:141)
at AppiumPractice.AppiumFramework.ecommerce_tc_4.stopServer(ecommerce_tc_4.java:141)
at AppiumPractice.AppiumFramework.ecommerce_tc_4.stopServer(ecommerce_tc_4.java:141)
at AppiumPractice.AppiumFramework.ecommerce_tc_4.stopServer(ecommerce_tc_4.java:141)
at AppiumPractice.AppiumFramework.ecommerce_tc_4.stopServer(ecommerce_tc_4.java:141)
at AppiumPractice.AppiumFramework.ecommerce_tc_4.stopServer(ecommerce_tc_4.java:141)
at AppiumPractice.AppiumFramework.ecommerce_tc_4.stopServer(ecommerce_tc_4.java:141)
at AppiumPractice.AppiumFramework.ecommerce_tc_4.stopServer(ecommerce_tc_4.java:141)
at AppiumPractice.AppiumFramework.ecommerce_tc_4.stopServer(ecommerce_tc_4.java:141)
at AppiumPractice.AppiumFramework.ecommerce_tc_4.stopServer(ecommerce_tc_4.java:141)
at AppiumPractice.AppiumFramework.ecommerce_tc_4.stopServer(ecommerce_tc_4.java:141)
at AppiumPractice.AppiumFramework.ecommerce_tc_4.stopServer(ecommerce_tc_4.java:141)
at AppiumPractice.AppiumFramework.ecommerce_tc_4.stopServer(ecommerce_tc_4.java:141)
at AppiumPractice.AppiumFramework.ecommerce_tc_4.stopServer(ecommerce_tc_4.java:141)
at AppiumPractice.AppiumFramework.ecommerce_tc_4.stopServer(ecommerce_tc_4.java:141)
at AppiumPractice.AppiumFramework.ecommerce_tc_4.stopServer(ecommerce_tc_4.java:141)
at AppiumPractice.AppiumFramework.ecommerce_tc_4.stopServer(ecommerce_tc_4.java:141)
at AppiumPractice.AppiumFramework.ecommerce_tc_4.stopServer(ecommerce_tc_4.java:141)
at AppiumPractice.AppiumFramework.ecommerce_tc_4.stopServer(ecommerce_tc_4.java:141)
at AppiumPractice.AppiumFramework.ecommerce_tc_4.stopServer(ecommerce_tc_4.java:141)
at AppiumPractice.AppiumFramework.ecommerce_tc_4.stopServer(ecommerce_tc_4.java:141)
at AppiumPractice.AppiumFramework.ecommerce_tc_4.stopServer(ecommerce_tc_4.java:141)
at AppiumPractice.AppiumFramework.ecommerce_tc_4.stopServer(ecommerce_tc_4.java:141)
at AppiumPractice.AppiumFramework.ecommerce_tc_4.stopServer(ecommerce_tc_4.java:141)
at AppiumPractice.AppiumFramework.ecommerce_tc_4.stopServer(ecommerce_tc_4.java:141)
at AppiumPractice.AppiumFramework.ecommerce_tc_4.stopServer(ecommerce_tc_4.java:141)
at AppiumPractice.AppiumFramework.ecommerce_tc_4.stopServer(ecommerce_tc_4.java:141)
at AppiumPractice.AppiumFramework.ecommerce_tc_4.stopServer(ecommerce_tc_4.java:141)
at AppiumPractice.AppiumFramework.ecommerce_tc_4.stopServer(ecommerce_tc_4.java:141)
at AppiumPractice.AppiumFramework.ecommerce_tc_4.stopServer(ecommerce_tc_4.java:141)
at AppiumPractice.AppiumFramework.ecommerce_tc_4.stopServer(ecommerce_tc_4.java:141)
at AppiumPractice.AppiumFramework.ecommerce_tc_4.stopServer(ecommerce_tc_4.java:141)
at AppiumPractice.AppiumFramework.ecommerce_tc_4.stopServer(ecommerce_tc_4.java:141)
at AppiumPractice.AppiumFramework.ecommerce_tc_4.stopServer(ecommerce_tc_4.java:141)
at AppiumPractice.AppiumFramework.ecommerce_tc_4.stopServer(ecommerce_tc_4.java:141)
at AppiumPractice.AppiumFramework.ecommerce_tc_4.stopServer(ecommerce_tc_4.java:141)
at AppiumPractice.AppiumFramework.ecommerce_tc_4.stopServer(ecommerce_tc_4.java:141)
at AppiumPractice.AppiumFramework.ecommerce_tc_4.stopServer(ecommerce_tc_4.java:141)
at AppiumPractice.AppiumFramework.ecommerce_tc_4.stopServer(ecommerce_tc_4.java:141)
at AppiumPractice.AppiumFramework.ecommerce_tc_4.stopServer(ecommerce_tc_4.java:141)
at AppiumPractice.AppiumFramework.ecommerce_tc_4.stopServer(ecommerce_tc_4.java:141)
at AppiumPractice.AppiumFramework.ecommerce_tc_4.stopServer(ecommerce_tc_4.java:141)
at AppiumPractice.AppiumFramework.ecommerce_tc_4.stopServer(ecommerce_tc_4.java:141)
at AppiumPractice.AppiumFramework.ecommerce_tc_4.stopServer(ecommerce_tc_4.java:141)
at AppiumPractice.AppiumFramework.ecommerce_tc_4.stopServer(ecommerce_tc_4.java:141)
at AppiumPractice.AppiumFramework.ecommerce_tc_4.stopServer(ecommerce_tc_4.java:141)
at AppiumPractice.AppiumFramework.ecommerce_tc_4.stopServer(ecommerce_tc_4.java:141)
at AppiumPractice.AppiumFramework.ecommerce_tc_4.stopServer(ecommerce_tc_4.java:141)
at AppiumPractice.AppiumFramework.ecommerce_tc_4.stopServer(ecommerce_tc_4.java:141)
at AppiumPractice.AppiumFramework.ecommerce_tc_4.stopServer(ecommerce_tc_4.java:141)
at AppiumPractice.AppiumFramework.ecommerce_tc_4.stopServer(ecommerce_tc_4.java:141)
at AppiumPractice.AppiumFramework.ecommerce_tc_4.stopServer(ecommerce_tc_4.java:141)
at AppiumPractice.AppiumFramework.ecommerce_tc_4.stopServer(ecommerce_tc_4.java:141)
at AppiumPractice.AppiumFramework.ecommerce_tc_4.stopServer(ecommerce_tc_4.java:141)
at AppiumPractice.AppiumFramework.ecommerce_tc_4.stopServer(ecommerce_tc_4.java:141)
at AppiumPractice.AppiumFramework.ecommerce_tc_4.stopServer(ecommerce_tc_4.java:141)
at AppiumPractice.AppiumFramework.ecommerce_tc_4.stopServer(ecommerce_tc_4.java:141)
at AppiumPractice.AppiumFramework.ecommerce_tc_4.stopServer(ecommerce_tc_4.java:141)
at AppiumPractice.AppiumFramework.ecommerce_tc_4.stopServer(ecommerce_tc_4.java:141)
at AppiumPractice.AppiumFramework.ecommerce_tc_4.stopServer(ecommerce_tc_4.java:141)
at AppiumPractice.AppiumFramework.ecommerce_tc_4.stopServer(ecommerce_tc_4.java:141)
at AppiumPractice.AppiumFramework.ecommerce_tc_4.stopServer(ecommerce_tc_4.java:141)
at AppiumPractice.AppiumFramework.ecommerce_tc_4.stopServer(ecommerce_tc_4.java:141)
at AppiumPractice.AppiumFramework.ecommerce_tc_4.stopServer(ecommerce_tc_4.java:141)
at AppiumPractice.AppiumFramework.ecommerce_tc_4.stopServer(ecommerce_tc_4.java:141)
at AppiumPractice.AppiumFramework.ecommerce_tc_4.stopServer(ecommerce_tc_4.java:141)
at AppiumPractice.AppiumFramework.ecommerce_tc_4.stopServer(ecommerce_tc_4.java:141)
at AppiumPractice.AppiumFramework.ecommerce_tc_4.stopServer(ecommerce_tc_4.java:141)
at AppiumPractice.AppiumFramework.ecommerce_tc_4.stopServer(ecommerce_tc_4.java:141)
at AppiumPractice.AppiumFramework.ecommerce_tc_4.stopServer(ecommerce_tc_4.java:141)
at AppiumPractice.AppiumFramework.ecommerce_tc_4.stopServer(ecommerce_tc_4.java:141)
at AppiumPractice.AppiumFramework.ecommerce_tc_4.stopServer(ecommerce_tc_4.java:141)
at AppiumPractice.AppiumFramework.ecommerce_tc_4.stopServer(ecommerce_tc_4.java:141)
at AppiumPractice.AppiumFramework.ecommerce_tc_4.stopServer(ecommerce_tc_4.java:141)
at AppiumPractice.AppiumFramework.ecommerce_tc_4.stopServer(ecommerce_tc_4.java:141)
at AppiumPractice.AppiumFramework.ecommerce_tc_4.stopServer(ecommerce_tc_4.java:141)
at AppiumPractice.AppiumFramework.ecommerce_tc_4.stopServer(ecommerce_tc_4.java:141)
at AppiumPractice.AppiumFramework.ecommerce_tc_4.stopServer(ecommerce_tc_4.java:141)
at AppiumPractice.AppiumFramework.ecommerce_tc_4.stopServer(ecommerce_tc_4.java:141)
at AppiumPractice.AppiumFramework.ecommerce_tc_4.stopServer(ecommerce_tc_4.java:141)
at AppiumPractice.AppiumFramework.ecommerce_tc_4.stopServer(ecommerce_tc_4.java:141)
at AppiumPractice.AppiumFramework.ecommerce_tc_4.stopServer(ecommerce_tc_4.java:141)
at AppiumPractice.AppiumFramework.ecommerce_tc_4.stopServer(ecommerce_tc_4.java:141)
at AppiumPractice.AppiumFramework.ecommerce_tc_4.stopServer(ecommerce_tc_4.java:141)
at AppiumPractice.AppiumFramework.ecommerce_tc_4.stopServer(ecommerce_tc_4.java:141)
at AppiumPractice.AppiumFramework.ecommerce_tc_4.stopServer(ecommerce_tc_4.java:141)
at AppiumPractice.AppiumFramework.ecommerce_tc_4.stopServer(ecommerce_tc_4.java:141)
at AppiumPractice.AppiumFramework.ecommerce_tc_4.stopServer(ecommerce_tc_4.java:141)
at AppiumPractice.AppiumFramework.ecommerce_tc_4.stopServer(ecommerce_tc_4.java:141)
at AppiumPractice.AppiumFramework.ecommerce_tc_4.stopServer(ecommerce_tc_4.java:141)
at AppiumPractice.AppiumFramework.ecommerce_tc_4.stopServer(ecommerce_tc_4.java:141)
at AppiumPractice.AppiumFramework.ecommerce_tc_4.stopServer(ecommerce_tc_4.java:141)
at AppiumPractice.AppiumFramework.ecommerce_tc_4.stopServer(ecommerce_tc_4.java:141)
at AppiumPractice.AppiumFramework.ecommerce_tc_4.stopServer(ecommerce_tc_4.java:141)
at AppiumPractice.AppiumFramework.ecommerce_tc_4.stopServer(ecommerce_tc_4.java:141)
at AppiumPractice.AppiumFramework.ecommerce_tc_4.stopServer(ecommerce_tc_4.java:141)
at AppiumPractice.AppiumFramework.ecommerce_tc_4.stopServer(ecommerce_tc_4.java:141)
at AppiumPractice.AppiumFramework.ecommerce_tc_4.stopServer(ecommerce_tc_4.java:141)
at AppiumPractice.AppiumFramework.ecommerce_tc_4.stopServer(ecommerce_tc_4.java:141)
at AppiumPractice.AppiumFramework.ecommerce_tc_4.stopServer(ecommerce_tc_4.java:141)
at AppiumPractice.AppiumFramework.ecommerce_tc_4.stopServer(ecommerce_tc_4.java:141)
at AppiumPractice.AppiumFramework.ecommerce_tc_4.stopServer(ecommerce_tc_4.java:141)
at AppiumPractice.AppiumFramework.ecommerce_tc_4.stopServer(ecommerce_tc_4.java:141)
at AppiumPractice.AppiumFramework.ecommerce_tc_4.stopServer(ecommerce_tc_4.java:141)
at AppiumPractice.AppiumFramework.ecommerce_tc_4.stopServer(ecommerce_tc_4.java:141)
at AppiumPractice.AppiumFramework.ecommerce_tc_4.stopServer(ecommerce_tc_4.java:141)
at AppiumPractice.AppiumFramework.ecommerce_tc_4.stopServer(ecommerce_tc_4.java:141)
at AppiumPractice.AppiumFramework.ecommerce_tc_4.stopServer(ecommerce_tc_4.java:141)
at AppiumPractice.AppiumFramework.ecommerce_tc_4.stopServer(ecommerce_tc_4.java:141)
at AppiumPractice.AppiumFramework.ecommerce_tc_4.stopServer(ecommerce_tc_4.java:141)
at AppiumPractice.AppiumFramework.ecommerce_tc_4.stopServer(ecommerce_tc_4.java:141)
at AppiumPractice.AppiumFramework.ecommerce_tc_4.stopServer(ecommerce_tc_4.java:141)
at AppiumPractice.AppiumFramework.ecommerce_tc_4.stopServer(ecommerce_tc_4.java:141)
at AppiumPractice.AppiumFramework.ecommerce_tc_4.stopServer(ecommerce_tc_4.java:141)
at AppiumPractice.AppiumFramework.ecommerce_tc_4.stopServer(ecommerce_tc_4.java:141)
at AppiumPractice.AppiumFramework.ecommerce_tc_4.stopServer(ecommerce_tc_4.java:141)
at AppiumPractice.AppiumFramework.ecommerce_tc_4.stopServer(ecommerce_tc_4.java:141)
at AppiumPractice.AppiumFramework.ecommerce_tc_4.stopServer(ecommerce_tc_4.java:141)
at AppiumPractice.AppiumFramework.ecommerce_tc_4.stopServer(ecommerce_tc_4.java:141)
at AppiumPractice.AppiumFramework.ecommerce_tc_4.stopServer(ecommerce_tc_4.java:141)
at AppiumPractice.AppiumFramework.ecommerce_tc_4.stopServer(ecommerce_tc_4.java:141)
at AppiumPractice.AppiumFramework.ecommerce_tc_4.stopServer(ecommerce_tc_4.java:141)
at AppiumPractice.AppiumFramework.ecommerce_tc_4.stopServer(ecommerce_tc_4.java:141)
at AppiumPractice.AppiumFramework.ecommerce_tc_4.stopServer(ecommerce_tc_4.java:141)
at AppiumPractice.AppiumFramework.ecommerce_tc_4.stopServer(ecommerce_tc_4.java:141)
at AppiumPractice.AppiumFramework.ecommerce_tc_4.stopServer(ecommerce_tc_4.java:141)
at AppiumPractice.AppiumFramework.ecommerce_tc_4.stopServer(ecommerce_tc_4.java:141)
at AppiumPractice.AppiumFramework.ecommerce_tc_4.stopServer(ecommerce_tc_4.java:141)
at AppiumPractice.AppiumFramework.ecommerce_tc_4.stopServer(ecommerce_tc_4.java:141)
at AppiumPractice.AppiumFramework.ecommerce_tc_4.stopServer(ecommerce_tc_4.java:141)
at AppiumPractice.AppiumFramework.ecommerce_tc_4.stopServer(ecommerce_tc_4.java:141)
at AppiumPractice.AppiumFramework.ecommerce_tc_4.stopServer(ecommerce_tc_4.java:141)
at AppiumPractice.AppiumFramework.ecommerce_tc_4.stopServer(ecommerce_tc_4.java:141)
at AppiumPractice.AppiumFramework.ecommerce_tc_4.stopServer(ecommerce_tc_4.java:141)
at AppiumPractice.AppiumFramework.ecommerce_tc_4.stopServer(ecommerce_tc_4.java:141)
at AppiumPractice.AppiumFramework.ecommerce_tc_4.stopServer(ecommerce_tc_4.java:141)
at AppiumPractice.AppiumFramework.ecommerce_tc_4.stopServer(ecommerce_tc_4.java:141)
at AppiumPractice.AppiumFramework.ecommerce_tc_4.stopServer(ecommerce_tc_4.java:141)
at AppiumPractice.AppiumFramework.ecommerce_tc_4.stopServer(ecommerce_tc_4.java:141)
at AppiumPractice.AppiumFramework.ecommerce_tc_4.stopServer(ecommerce_tc_4.java:141)
at AppiumPractice.AppiumFramework.ecommerce_tc_4.stopServer(ecommerce_tc_4.java:141)
at AppiumPractice.AppiumFramework.ecommerce_tc_4.stopServer(ecommerce_tc_4.java:141)
at AppiumPractice.AppiumFramework.ecommerce_tc_4.stopServer(ecommerce_tc_4.java:141)
at AppiumPractice.AppiumFramework.ecommerce_tc_4.stopServer(ecommerce_tc_4.java:141)
at AppiumPractice.AppiumFramework.ecommerce_tc_4.stopServer(ecommerce_tc_4.java:141)
at AppiumPractice.AppiumFramework.ecommerce_tc_4.stopServer(ecommerce_tc_4.java:141)
at AppiumPractice.AppiumFramework.ecommerce_tc_4.stopServer(ecommerce_tc_4.java:141)
at AppiumPractice.AppiumFramework.ecommerce_tc_4.stopServer(ecommerce_tc_4.java:141)
at AppiumPractice.AppiumFramework.ecommerce_tc_4.stopServer(ecommerce_tc_4.java:141)
at AppiumPractice.AppiumFramework.ecommerce_tc_4.stopServer(ecommerce_tc_4.java:141)
at AppiumPractice.AppiumFramework.ecommerce_tc_4.stopServer(ecommerce_tc_4.java:141)
at AppiumPractice.AppiumFramework.ecommerce_tc_4.stopServer(ecommerce_tc_4.java:141)
at AppiumPractice.AppiumFramework.ecommerce_tc_4.stopServer(ecommerce_tc_4.java:141)
at AppiumPractice.AppiumFramework.ecommerce_tc_4.stopServer(ecommerce_tc_4.java:141)
at AppiumPractice.AppiumFramework.ecommerce_tc_4.stopServer(ecommerce_tc_4.java:141)
at AppiumPractice.AppiumFramework.ecommerce_tc_4.stopServer(ecommerce_tc_4.java:141)
at AppiumPractice.AppiumFramework.ecommerce_tc_4.stopServer(ecommerce_tc_4.java:141)
at AppiumPractice.AppiumFramework.ecommerce_tc_4.stopServer(ecommerce_tc_4.java:141)
at AppiumPractice.AppiumFramework.ecommerce_tc_4.stopServer(ecommerce_tc_4.java:141)
at AppiumPractice.AppiumFramework.ecommerce_tc_4.stopServer(ecommerce_tc_4.java:141)
at AppiumPractice.AppiumFramework.ecommerce_tc_4.stopServer(ecommerce_tc_4.java:141)
at AppiumPractice.AppiumFramework.ecommerce_tc_4.stopServer(ecommerce_tc_4.java:141)
at AppiumPractice.AppiumFramework.ecommerce_tc_4.stopServer(ecommerce_tc_4.java:141)
at AppiumPractice.AppiumFramework.ecommerce_tc_4.stopServer(ecommerce_tc_4.java:141)
at AppiumPractice.AppiumFramework.ecommerce_tc_4.stopServer(ecommerce_tc_4.java:141)
at AppiumPractice.AppiumFramework.ecommerce_tc_4.stopServer(ecommerce_tc_4.java:141)
at AppiumPractice.AppiumFramework.ecommerce_tc_4.stopServer(ecommerce_tc_4.java:141)
at AppiumPractice.AppiumFramework.ecommerce_tc_4.stopServer(ecommerce_tc_4.java:141)
at AppiumPractice.AppiumFramework.ecommerce_tc_4.stopServer(ecommerce_tc_4.java:141)
at AppiumPractice.AppiumFramework.ecommerce_tc_4.stopServer(ecommerce_tc_4.java:141)
at AppiumPractice.AppiumFramework.ecommerce_tc_4.stopServer(ecommerce_tc_4.java:141)
at AppiumPractice.AppiumFramework.ecommerce_tc_4.stopServer(ecommerce_tc_4.java:141)
at AppiumPractice.AppiumFramework.ecommerce_tc_4.stopServer(ecommerce_tc_4.java:141)
at AppiumPractice.AppiumFramework.ecommerce_tc_4.stopServer(ecommerce_tc_4.java:141)
at AppiumPractice.AppiumFramework.ecommerce_tc_4.stopServer(ecommerce_tc_4.java:141)
at AppiumPractice.AppiumFramework.ecommerce_tc_4.stopServer(ecommerce_tc_4.java:141)
at AppiumPractice.AppiumFramework.ecommerce_tc_4.stopServer(ecommerce_tc_4.java:141)
at AppiumPractice.AppiumFramework.ecommerce_tc_4.stopServer(ecommerce_tc_4.java:141)
at AppiumPractice.AppiumFramework.ecommerce_tc_4.stopServer(ecommerce_tc_4.java:141)
at AppiumPractice.AppiumFramework.ecommerce_tc_4.stopServer(ecommerce_tc_4.java:141)
at AppiumPractice.AppiumFramework.ecommerce_tc_4.stopServer(ecommerce_tc_4.java:141)
at AppiumPractice.AppiumFramework.ecommerce_tc_4.stopServer(ecommerce_tc_4.java:141)
at AppiumPractice.AppiumFramework.ecommerce_tc_4.stopServer(ecommerce_tc_4.java:141)
at AppiumPractice.AppiumFramework.ecommerce_tc_4.stopServer(ecommerce_tc_4.java:141)
at AppiumPractice.AppiumFramework.ecommerce_tc_4.stopServer(ecommerce_tc_4.java:141)
at AppiumPractice.AppiumFramework.ecommerce_tc_4.stopServer(ecommerce_tc_4.java:141)
at AppiumPractice.AppiumFramework.ecommerce_tc_4.stopServer(ecommerce_tc_4.java:141)
at AppiumPractice.AppiumFramework.ecommerce_tc_4.stopServer(ecommerce_tc_4.java:141)
at AppiumPractice.AppiumFramework.ecommerce_tc_4.stopServer(ecommerce_tc_4.java:141)
at AppiumPractice.AppiumFramework.ecommerce_tc_4.stopServer(ecommerce_tc_4.java:141)
at AppiumPractice.AppiumFramework.ecommerce_tc_4.stopServer(ecommerce_tc_4.java:141)
at AppiumPractice.AppiumFramework.ecommerce_tc_4.stopServer(ecommerce_tc_4.java:141)
at AppiumPractice.AppiumFramework.ecommerce_tc_4.stopServer(ecommerce_tc_4.java:141)
at AppiumPractice.AppiumFramework.ecommerce_tc_4.stopServer(ecommerce_tc_4.java:141)
at AppiumPractice.AppiumFramework.ecommerce_tc_4.stopServer(ecommerce_tc_4.java:141)
at AppiumPractice.AppiumFramework.ecommerce_tc_4.stopServer(ecommerce_tc_4.java:141)
at AppiumPractice.AppiumFramework.ecommerce_tc_4.stopServer(ecommerce_tc_4.java:141)
at AppiumPractice.AppiumFramework.ecommerce_tc_4.stopServer(ecommerce_tc_4.java:141)
at AppiumPractice.AppiumFramework.ecommerce_tc_4.stopServer(ecommerce_tc_4.java:141)
at AppiumPractice.AppiumFramework.ecommerce_tc_4.stopServer(ecommerce_tc_4.java:141)
at AppiumPractice.AppiumFramework.ecommerce_tc_4.stopServer(ecommerce_tc_4.java:141)
at AppiumPractice.AppiumFramework.ecommerce_tc_4.stopServer(ecommerce_tc_4.java:141)
at AppiumPractice.AppiumFramework.ecommerce_tc_4.stopServer(ecommerce_tc_4.java:141)
at AppiumPractice.AppiumFramework.ecommerce_tc_4.stopServer(ecommerce_tc_4.java:141)
at AppiumPractice.AppiumFramework.ecommerce_tc_4.stopServer(ecommerce_tc_4.java:141)
at AppiumPractice.AppiumFramework.ecommerce_tc_4.stopServer(ecommerce_tc_4.java:141)
at AppiumPractice.AppiumFramework.ecommerce_tc_4.stopServer(ecommerce_tc_4.java:141)
at AppiumPractice.AppiumFramework.ecommerce_tc_4.stopServer(ecommerce_tc_4.java:141)
at AppiumPractice.AppiumFramework.ecommerce_tc_4.stopServer(ecommerce_tc_4.java:141)
at AppiumPractice.AppiumFramework.ecommerce_tc_4.stopServer(ecommerce_tc_4.java:141)
at AppiumPractice.AppiumFramework.ecommerce_tc_4.stopServer(ecommerce_tc_4.java:141)
at AppiumPractice.AppiumFramework.ecommerce_tc_4.stopServer(ecommerce_tc_4.java:141)
at AppiumPractice.AppiumFramework.ecommerce_tc_4.stopServer(ecommerce_tc_4.java:141)
at AppiumPractice.AppiumFramework.ecommerce_tc_4.stopServer(ecommerce_tc_4.java:141)
at AppiumPractice.AppiumFramework.ecommerce_tc_4.stopServer(ecommerce_tc_4.java:141)
at AppiumPractice.AppiumFramework.ecommerce_tc_4.stopServer(ecommerce_tc_4.java:141)
at AppiumPractice.AppiumFramework.ecommerce_tc_4.stopServer(ecommerce_tc_4.java:141)
at AppiumPractice.AppiumFramework.ecommerce_tc_4.stopServer(ecommerce_tc_4.java:141)
at AppiumPractice.AppiumFramework.ecommerce_tc_4.stopServer(ecommerce_tc_4.java:141)
at AppiumPractice.AppiumFramework.ecommerce_tc_4.stopServer(ecommerce_tc_4.java:141)
at AppiumPractice.AppiumFramework.ecommerce_tc_4.stopServer(ecommerce_tc_4.java:141)
at AppiumPractice.AppiumFramework.ecommerce_tc_4.stopServer(ecommerce_tc_4.java:141)
at AppiumPractice.AppiumFramework.ecommerce_tc_4.stopServer(ecommerce_tc_4.java:141)
at AppiumPractice.AppiumFramework.ecommerce_tc_4.stopServer(ecommerce_tc_4.java:141)
at AppiumPractice.AppiumFramework.ecommerce_tc_4.stopServer(ecommerce_tc_4.java:141)
at AppiumPractice.AppiumFramework.ecommerce_tc_4.stopServer(ecommerce_tc_4.java:141)
at AppiumPractice.AppiumFramework.ecommerce_tc_4.stopServer(ecommerce_tc_4.java:141)
at AppiumPractice.AppiumFramework.ecommerce_tc_4.stopServer(ecommerce_tc_4.java:141)
at AppiumPractice.AppiumFramework.ecommerce_tc_4.stopServer(ecommerce_tc_4.java:141)
at AppiumPractice.AppiumFramework.ecommerce_tc_4.stopServer(ecommerce_tc_4.java:141)
at AppiumPractice.AppiumFramework.ecommerce_tc_4.stopServer(ecommerce_tc_4.java:141)
at AppiumPractice.AppiumFramework.ecommerce_tc_4.stopServer(ecommerce_tc_4.java:141)
at AppiumPractice.AppiumFramework.ecommerce_tc_4.stopServer(ecommerce_tc_4.java:141)
at AppiumPractice.AppiumFramework.ecommerce_tc_4.stopServer(ecommerce_tc_4.java:141)
at AppiumPractice.AppiumFramework.ecommerce_tc_4.stopServer(ecommerce_tc_4.java:141)
at AppiumPractice.AppiumFramework.ecommerce_tc_4.stopServer(ecommerce_tc_4.java:141)
at AppiumPractice.AppiumFramework.ecommerce_tc_4.stopServer(ecommerce_tc_4.java:141)
at AppiumPractice.AppiumFramework.ecommerce_tc_4.stopServer(ecommerce_tc_4.java:141)
at AppiumPractice.AppiumFramework.ecommerce_tc_4.stopServer(ecommerce_tc_4.java:141)
at AppiumPractice.AppiumFramework.ecommerce_tc_4.stopServer(ecommerce_tc_4.java:141)
at AppiumPractice.AppiumFramework.ecommerce_tc_4.stopServer(ecommerce_tc_4.java:141)
at AppiumPractice.AppiumFramework.ecommerce_tc_4.stopServer(ecommerce_tc_4.java:141)
at AppiumPractice.AppiumFramework.ecommerce_tc_4.stopServer(ecommerce_tc_4.java:141)
at AppiumPractice.AppiumFramework.ecommerce_tc_4.stopServer(ecommerce_tc_4.java:141)
at AppiumPractice.AppiumFramework.ecommerce_tc_4.stopServer(ecommerce_tc_4.java:141)
at AppiumPractice.AppiumFramework.ecommerce_tc_4.stopServer(ecommerce_tc_4.java:141)
at AppiumPractice.AppiumFramework.ecommerce_tc_4.stopServer(ecommerce_tc_4.java:141)
at AppiumPractice.AppiumFramework.ecommerce_tc_4.stopServer(ecommerce_tc_4.java:141)
at AppiumPractice.AppiumFramework.ecommerce_tc_4.stopServer(ecommerce_tc_4.java:141)
at AppiumPractice.AppiumFramework.ecommerce_tc_4.stopServer(ecommerce_tc_4.java:141)
at AppiumPractice.AppiumFramework.ecommerce_tc_4.stopServer(ecommerce_tc_4.java:141)
at AppiumPractice.AppiumFramework.ecommerce_tc_4.stopServer(ecommerce_tc_4.java:141)
at AppiumPractice.AppiumFramework.ecommerce_tc_4.stopServer(ecommerce_tc_4.java:141)
at AppiumPractice.AppiumFramework.ecommerce_tc_4.stopServer(ecommerce_tc_4.java:141)
at AppiumPractice.AppiumFramework.ecommerce_tc_4.stopServer(ecommerce_tc_4.java:141)
at AppiumPractice.AppiumFramework.ecommerce_tc_4.stopServer(ecommerce_tc_4.java:141)
at AppiumPractice.AppiumFramework.ecommerce_tc_4.stopServer(ecommerce_tc_4.java:141)
at AppiumPractice.AppiumFramework.ecommerce_tc_4.stopServer(ecommerce_tc_4.java:141)
at AppiumPractice.AppiumFramework.ecommerce_tc_4.stopServer(ecommerce_tc_4.java:141)
at AppiumPractice.AppiumFramework.ecommerce_tc_4.stopServer(ecommerce_tc_4.java:141)
at AppiumPractice.AppiumFramework.ecommerce_tc_4.stopServer(ecommerce_tc_4.java:141)
at AppiumPractice.AppiumFramework.ecommerce_tc_4.stopServer(ecommerce_tc_4.java:141)
at AppiumPractice.AppiumFramework.ecommerce_tc_4.stopServer(ecommerce_tc_4.java:141)
at AppiumPractice.AppiumFramework.ecommerce_tc_4.stopServer(ecommerce_tc_4.java:141)
at AppiumPractice.AppiumFramework.ecommerce_tc_4.stopServer(ecommerce_tc_4.java:141)
at AppiumPractice.AppiumFramework.ecommerce_tc_4.stopServer(ecommerce_tc_4.java:141)
at AppiumPractice.AppiumFramework.ecommerce_tc_4.stopServer(ecommerce_tc_4.java:141)
at AppiumPractice.AppiumFramework.ecommerce_tc_4.stopServer(ecommerce_tc_4.java:141)
at AppiumPractice.AppiumFramework.ecommerce_tc_4.stopServer(ecommerce_tc_4.java:141)
at AppiumPractice.AppiumFramework.ecommerce_tc_4.stopServer(ecommerce_tc_4.java:141)
at AppiumPractice.AppiumFramework.ecommerce_tc_4.stopServer(ecommerce_tc_4.java:141)
at AppiumPractice.AppiumFramework.ecommerce_tc_4.stopServer(ecommerce_tc_4.java:141)
at AppiumPractice.AppiumFramework.ecommerce_tc_4.stopServer(ecommerce_tc_4.java:141)
at AppiumPractice.AppiumFramework.ecommerce_tc_4.stopServer(ecommerce_tc_4.java:141)
at AppiumPractice.AppiumFramework.ecommerce_tc_4.stopServer(ecommerce_tc_4.java:141)
at AppiumPractice.AppiumFramework.ecommerce_tc_4.stopServer(ecommerce_tc_4.java:141)
at AppiumPractice.AppiumFramework.ecommerce_tc_4.stopServer(ecommerce_tc_4.java:141)
at AppiumPractice.AppiumFramework.ecommerce_tc_4.stopServer(ecommerce_tc_4.java:141)
at AppiumPractice.AppiumFramework.ecommerce_tc_4.stopServer(ecommerce_tc_4.java:141)
at AppiumPractice.AppiumFramework.ecommerce_tc_4.stopServer(ecommerce_tc_4.java:141)
at AppiumPractice.AppiumFramework.ecommerce_tc_4.stopServer(ecommerce_tc_4.java:141)
at AppiumPractice.AppiumFramework.ecommerce_tc_4.stopServer(ecommerce_tc_4.java:141)
at AppiumPractice.AppiumFramework.ecommerce_tc_4.stopServer(ecommerce_tc_4.java:141)
at AppiumPractice.AppiumFramework.ecommerce_tc_4.stopServer(ecommerce_tc_4.java:141)
at AppiumPractice.AppiumFramework.ecommerce_tc_4.stopServer(ecommerce_tc_4.java:141)
at AppiumPractice.AppiumFramework.ecommerce_tc_4.stopServer(ecommerce_tc_4.java:141)
at AppiumPractice.AppiumFramework.ecommerce_tc_4.stopServer(ecommerce_tc_4.java:141)
at AppiumPractice.AppiumFramework.ecommerce_tc_4.stopServer(ecommerce_tc_4.java:141)
at AppiumPractice.AppiumFramework.ecommerce_tc_4.stopServer(ecommerce_tc_4.java:141)
at AppiumPractice.AppiumFramework.ecommerce_tc_4.stopServer(ecommerce_tc_4.java:141)
at AppiumPractice.AppiumFramework.ecommerce_tc_4.stopServer(ecommerce_tc_4.java:141)
at AppiumPractice.AppiumFramework.ecommerce_tc_4.stopServer(ecommerce_tc_4.java:141)
at AppiumPractice.AppiumFramework.ecommerce_tc_4.stopServer(ecommerce_tc_4.java:141)
at AppiumPractice.AppiumFramework.ecommerce_tc_4.stopServer(ecommerce_tc_4.java:141)
at AppiumPractice.AppiumFramework.ecommerce_tc_4.stopServer(ecommerce_tc_4.java:141)
at AppiumPractice.AppiumFramework.ecommerce_tc_4.stopServer(ecommerce_tc_4.java:141)
at AppiumPractice.AppiumFramework.ecommerce_tc_4.stopServer(ecommerce_tc_4.java:141)
at AppiumPractice.AppiumFramework.ecommerce_tc_4.stopServer(ecommerce_tc_4.java:141)
at AppiumPractice.AppiumFramework.ecommerce_tc_4.stopServer(ecommerce_tc_4.java:141)
at AppiumPractice.AppiumFramework.ecommerce_tc_4.stopServer(ecommerce_tc_4.java:141)
at AppiumPractice.AppiumFramework.ecommerce_tc_4.stopServer(ecommerce_tc_4.java:141)
at AppiumPractice.AppiumFramework.ecommerce_tc_4.stopServer(ecommerce_tc_4.java:141)
at AppiumPractice.AppiumFramework.ecommerce_tc_4.stopServer(ecommerce_tc_4.java:141)
at AppiumPractice.AppiumFramework.ecommerce_tc_4.stopServer(ecommerce_tc_4.java:141)
at AppiumPractice.AppiumFramework.ecommerce_tc_4.stopServer(ecommerce_tc_4.java:141)
at AppiumPractice.AppiumFramework.ecommerce_tc_4.stopServer(ecommerce_tc_4.java:141)
at AppiumPractice.AppiumFramework.ecommerce_tc_4.stopServer(ecommerce_tc_4.java:141)
at AppiumPractice.AppiumFramework.ecommerce_tc_4.stopServer(ecommerce_tc_4.java:141)
at AppiumPractice.AppiumFramework.ecommerce_tc_4.stopServer(ecommerce_tc_4.java:141)
at AppiumPractice.AppiumFramework.ecommerce_tc_4.stopServer(ecommerce_tc_4.java:141)
at AppiumPractice.AppiumFramework.ecommerce_tc_4.stopServer(ecommerce_tc_4.java:141)
at AppiumPractice.AppiumFramework.ecommerce_tc_4.stopServer(ecommerce_tc_4.java:141)
at AppiumPractice.AppiumFramework.ecommerce_tc_4.stopServer(ecommerce_tc_4.java:141)
at AppiumPractice.AppiumFramework.ecommerce_tc_4.stopServer(ecommerce_tc_4.java:141)
at AppiumPractice.AppiumFramework.ecommerce_tc_4.stopServer(ecommerce_tc_4.java:141)
at AppiumPractice.AppiumFramework.ecommerce_tc_4.stopServer(ecommerce_tc_4.java:141)
at AppiumPractice.AppiumFramework.ecommerce_tc_4.stopServer(ecommerce_tc_4.java:141)
at AppiumPractice.AppiumFramework.ecommerce_tc_4.stopServer(ecommerce_tc_4.java:141)
at AppiumPractice.AppiumFramework.ecommerce_tc_4.stopServer(ecommerce_tc_4.java:141)
at AppiumPractice.AppiumFramework.ecommerce_tc_4.stopServer(ecommerce_tc_4.java:141)
at AppiumPractice.AppiumFramework.ecommerce_tc_4.stopServer(ecommerce_tc_4.java:141)
at AppiumPractice.AppiumFramework.ecommerce_tc_4.stopServer(ecommerce_tc_4.java:141)
at AppiumPractice.AppiumFramework.ecommerce_tc_4.stopServer(ecommerce_tc_4.java:141)
at AppiumPractice.AppiumFramework.ecommerce_tc_4.stopServer(ecommerce_tc_4.java:141)
at AppiumPractice.AppiumFramework.ecommerce_tc_4.stopServer(ecommerce_tc_4.java:141)
at AppiumPractice.AppiumFramework.ecommerce_tc_4.stopServer(ecommerce_tc_4.java:141)
at AppiumPractice.AppiumFramework.ecommerce_tc_4.stopServer(ecommerce_tc_4.java:141)
at AppiumPractice.AppiumFramework.ecommerce_tc_4.stopServer(ecommerce_tc_4.java:141)
at AppiumPractice.AppiumFramework.ecommerce_tc_4.stopServer(ecommerce_tc_4.java:141)
at AppiumPractice.AppiumFramework.ecommerce_tc_4.stopServer(ecommerce_tc_4.java:141)
at AppiumPractice.AppiumFramework.ecommerce_tc_4.stopServer(ecommerce_tc_4.java:141)
at AppiumPractice.AppiumFramework.ecommerce_tc_4.stopServer(ecommerce_tc_4.java:141)
at AppiumPractice.AppiumFramework.ecommerce_tc_4.stopServer(ecommerce_tc_4.java:141)
at AppiumPractice.AppiumFramework.ecommerce_tc_4.stopServer(ecommerce_tc_4.java:141)
at AppiumPractice.AppiumFramework.ecommerce_tc_4.stopServer(ecommerce_tc_4.java:141)
at AppiumPractice.AppiumFramework.ecommerce_tc_4.stopServer(ecommerce_tc_4.java:141)
at AppiumPractice.AppiumFramework.ecommerce_tc_4.stopServer(ecommerce_tc_4.java:141)
at AppiumPractice.AppiumFramework.ecommerce_tc_4.stopServer(ecommerce_tc_4.java:141)
at AppiumPractice.AppiumFramework.ecommerce_tc_4.stopServer(ecommerce_tc_4.java:141)
at AppiumPractice.AppiumFramework.ecommerce_tc_4.stopServer(ecommerce_tc_4.java:141)
at AppiumPractice.AppiumFramework.ecommerce_tc_4.stopServer(ecommerce_tc_4.java:141)
at AppiumPractice.AppiumFramework.ecommerce_tc_4.stopServer(ecommerce_tc_4.java:141)
at AppiumPractice.AppiumFramework.ecommerce_tc_4.stopServer(ecommerce_tc_4.java:141)
at AppiumPractice.AppiumFramework.ecommerce_tc_4.stopServer(ecommerce_tc_4.java:141)
at AppiumPractice.AppiumFramework.ecommerce_tc_4.stopServer(ecommerce_tc_4.java:141)
at AppiumPractice.AppiumFramework.ecommerce_tc_4.stopServer(ecommerce_tc_4.java:141)
at AppiumPractice.AppiumFramework.ecommerce_tc_4.stopServer(ecommerce_tc_4.java:141)
at AppiumPractice.AppiumFramework.ecommerce_tc_4.stopServer(ecommerce_tc_4.java:141)
at AppiumPractice.AppiumFramework.ecommerce_tc_4.stopServer(ecommerce_tc_4.java:141)
at AppiumPractice.AppiumFramework.ecommerce_tc_4.stopServer(ecommerce_tc_4.java:141)
at AppiumPractice.AppiumFramework.ecommerce_tc_4.stopServer(ecommerce_tc_4.java:141)
at AppiumPractice.AppiumFramework.ecommerce_tc_4.stopServer(ecommerce_tc_4.java:141)
at AppiumPractice.AppiumFramework.ecommerce_tc_4.stopServer(ecommerce_tc_4.java:141)
at AppiumPractice.AppiumFramework.ecommerce_tc_4.stopServer(ecommerce_tc_4.java:141)
at AppiumPractice.AppiumFramework.ecommerce_tc_4.stopServer(ecommerce_tc_4.java:141)
at AppiumPractice.AppiumFramework.ecommerce_tc_4.stopServer(ecommerce_tc_4.java:141)
at AppiumPractice.AppiumFramework.ecommerce_tc_4.stopServer(ecommerce_tc_4.java:141)
at AppiumPractice.AppiumFramework.ecommerce_tc_4.stopServer(ecommerce_tc_4.java:141)
at AppiumPractice.AppiumFramework.ecommerce_tc_4.stopServer(ecommerce_tc_4.java:141)
at AppiumPractice.AppiumFramework.ecommerce_tc_4.stopServer(ecommerce_tc_4.java:141)
at AppiumPractice.AppiumFramework.ecommerce_tc_4.stopServer(ecommerce_tc_4.java:141)
at AppiumPractice.AppiumFramework.ecommerce_tc_4.stopServer(ecommerce_tc_4.java:141)
at AppiumPractice.AppiumFramework.ecommerce_tc_4.stopServer(ecommerce_tc_4.java:141)
at AppiumPractice.AppiumFramework.ecommerce_tc_4.stopServer(ecommerce_tc_4.java:141)
at AppiumPractice.AppiumFramework.ecommerce_tc_4.stopServer(ecommerce_tc_4.java:141)
at AppiumPractice.AppiumFramework.ecommerce_tc_4.stopServer(ecommerce_tc_4.java:141)
at AppiumPractice.AppiumFramework.ecommerce_tc_4.stopServer(ecommerce_tc_4.java:141)
at AppiumPractice.AppiumFramework.ecommerce_tc_4.stopServer(ecommerce_tc_4.java:141)
at AppiumPractice.AppiumFramework.ecommerce_tc_4.stopServer(ecommerce_tc_4.java:141)
at AppiumPractice.AppiumFramework.ecommerce_tc_4.stopServer(ecommerce_tc_4.java:141)
at AppiumPractice.AppiumFramework.ecommerce_tc_4.stopServer(ecommerce_tc_4.java:141)
at AppiumPractice.AppiumFramework.ecommerce_tc_4.stopServer(ecommerce_tc_4.java:141)
at AppiumPractice.AppiumFramework.ecommerce_tc_4.stopServer(ecommerce_tc_4.java:141)
at AppiumPractice.AppiumFramework.ecommerce_tc_4.stopServer(ecommerce_tc_4.java:141)
at AppiumPractice.AppiumFramework.ecommerce_tc_4.stopServer(ecommerce_tc_4.java:141)
at AppiumPractice.AppiumFramework.ecommerce_tc_4.stopServer(ecommerce_tc_4.java:141)
at AppiumPractice.AppiumFramework.ecommerce_tc_4.stopServer(ecommerce_tc_4.java:141)
at AppiumPractice.AppiumFramework.ecommerce_tc_4.stopServer(ecommerce_tc_4.java:141)
at AppiumPractice.AppiumFramework.ecommerce_tc_4.stopServer(ecommerce_tc_4.java:141)
at AppiumPractice.AppiumFramework.ecommerce_tc_4.stopServer(ecommerce_tc_4.java:141)
at AppiumPractice.AppiumFramework.ecommerce_tc_4.stopServer(ecommerce_tc_4.java:141)
at AppiumPractice.AppiumFramework.ecommerce_tc_4.stopServer(ecommerce_tc_4.java:141)
at AppiumPractice.AppiumFramework.ecommerce_tc_4.stopServer(ecommerce_tc_4.java:141)
at AppiumPractice.AppiumFramework.ecommerce_tc_4.stopServer(ecommerce_tc_4.java:141)
at AppiumPractice.AppiumFramework.ecommerce_tc_4.stopServer(ecommerce_tc_4.java:141)
at AppiumPractice.AppiumFramework.ecommerce_tc_4.stopServer(ecommerce_tc_4.java:141)
at AppiumPractice.AppiumFramework.ecommerce_tc_4.stopServer(ecommerce_tc_4.java:141)
at AppiumPractice.AppiumFramework.ecommerce_tc_4.stopServer(ecommerce_tc_4.java:141)
at AppiumPractice.AppiumFramework.ecommerce_tc_4.stopServer(ecommerce_tc_4.java:141)
at AppiumPractice.AppiumFramework.ecommerce_tc_4.stopServer(ecommerce_tc_4.java:141)
at AppiumPractice.AppiumFramework.ecommerce_tc_4.stopServer(ecommerce_tc_4.java:141)
at AppiumPractice.AppiumFramework.ecommerce_tc_4.stopServer(ecommerce_tc_4.java:141)
at AppiumPractice.AppiumFramework.ecommerce_tc_4.stopServer(ecommerce_tc_4.java:141)
at AppiumPractice.AppiumFramework.ecommerce_tc_4.stopServer(ecommerce_tc_4.java:141)
at AppiumPractice.AppiumFramework.ecommerce_tc_4.stopServer(ecommerce_tc_4.java:141)
at AppiumPractice.AppiumFramework.ecommerce_tc_4.stopServer(ecommerce_tc_4.java:141)
at AppiumPractice.AppiumFramework.ecommerce_tc_4.stopServer(ecommerce_tc_4.java:141)
at AppiumPractice.AppiumFramework.ecommerce_tc_4.stopServer(ecommerce_tc_4.java:141)
at AppiumPractice.AppiumFramework.ecommerce_tc_4.stopServer(ecommerce_tc_4.java:141)
at AppiumPractice.AppiumFramework.ecommerce_tc_4.stopServer(ecommerce_tc_4.java:141)
at AppiumPractice.AppiumFramework.ecommerce_tc_4.stopServer(ecommerce_tc_4.java:141)
at AppiumPractice.AppiumFramework.ecommerce_tc_4.stopServer(ecommerce_tc_4.java:141)
at AppiumPractice.AppiumFramework.ecommerce_tc_4.stopServer(ecommerce_tc_4.java:141)
at AppiumPractice.AppiumFramework.ecommerce_tc_4.stopServer(ecommerce_tc_4.java:141)
at AppiumPractice.AppiumFramework.ecommerce_tc_4.stopServer(ecommerce_tc_4.java:141)
at AppiumPractice.AppiumFramework.ecommerce_tc_4.stopServer(ecommerce_tc_4.java:141)
at AppiumPractice.AppiumFramework.ecommerce_tc_4.stopServer(ecommerce_tc_4.java:141)
at AppiumPractice.AppiumFramework.ecommerce_tc_4.stopServer(ecommerce_tc_4.java:141)
at AppiumPractice.AppiumFramework.ecommerce_tc_4.stopServer(ecommerce_tc_4.java:141)
at AppiumPractice.AppiumFramework.ecommerce_tc_4.stopServer(ecommerce_tc_4.java:141)
at AppiumPractice.AppiumFramework.ecommerce_tc_4.stopServer(ecommerce_tc_4.java:141)
at AppiumPractice.AppiumFramework.ecommerce_tc_4.stopServer(ecommerce_tc_4.java:141)
at AppiumPractice.AppiumFramework.ecommerce_tc_4.stopServer(ecommerce_tc_4.java:141)
at AppiumPractice.AppiumFramework.ecommerce_tc_4.stopServer(ecommerce_tc_4.java:141)
at AppiumPractice.AppiumFramework.ecommerce_tc_4.stopServer(ecommerce_tc_4.java:141)
at AppiumPractice.AppiumFramework.ecommerce_tc_4.stopServer(ecommerce_tc_4.java:141)
at AppiumPractice.AppiumFramework.ecommerce_tc_4.stopServer(ecommerce_tc_4.java:141)
at AppiumPractice.AppiumFramework.ecommerce_tc_4.stopServer(ecommerce_tc_4.java:141)
at AppiumPractice.AppiumFramework.ecommerce_tc_4.stopServer(ecommerce_tc_4.java:141)
at AppiumPractice.AppiumFramework.ecommerce_tc_4.stopServer(ecommerce_tc_4.java:141)
at AppiumPractice.AppiumFramework.ecommerce_tc_4.stopServer(ecommerce_tc_4.java:141)
at AppiumPractice.AppiumFramework.ecommerce_tc_4.stopServer(ecommerce_tc_4.java:141)
at AppiumPractice.AppiumFramework.ecommerce_tc_4.stopServer(ecommerce_tc_4.java:141)
at AppiumPractice.AppiumFramework.ecommerce_tc_4.stopServer(ecommerce_tc_4.java:141)
at AppiumPractice.AppiumFramework.ecommerce_tc_4.stopServer(ecommerce_tc_4.java:141)
at AppiumPractice.AppiumFramework.ecommerce_tc_4.stopServer(ecommerce_tc_4.java:141)
at AppiumPractice.AppiumFramework.ecommerce_tc_4.stopServer(ecommerce_tc_4.java:141)
at AppiumPractice.AppiumFramework.ecommerce_tc_4.stopServer(ecommerce_tc_4.java:141)
at AppiumPractice.AppiumFramework.ecommerce_tc_4.stopServer(ecommerce_tc_4.java:141)
at AppiumPractice.AppiumFramework.ecommerce_tc_4.stopServer(ecommerce_tc_4.java:141)
at AppiumPractice.AppiumFramework.ecommerce_tc_4.stopServer(ecommerce_tc_4.java:141)
at AppiumPractice.AppiumFramework.ecommerce_tc_4.stopServer(ecommerce_tc_4.java:141)
at AppiumPractice.AppiumFramework.ecommerce_tc_4.stopServer(ecommerce_tc_4.java:141)
at AppiumPractice.AppiumFramework.ecommerce_tc_4.stopServer(ecommerce_tc_4.java:141)
at AppiumPractice.AppiumFramework.ecommerce_tc_4.stopServer(ecommerce_tc_4.java:141)
at AppiumPractice.AppiumFramework.ecommerce_tc_4.stopServer(ecommerce_tc_4.java:141)
at AppiumPractice.AppiumFramework.ecommerce_tc_4.stopServer(ecommerce_tc_4.java:141)
at AppiumPractice.AppiumFramework.ecommerce_tc_4.stopServer(ecommerce_tc_4.java:141)
at AppiumPractice.AppiumFramework.ecommerce_tc_4.stopServer(ecommerce_tc_4.java:141)
at AppiumPractice.AppiumFramework.ecommerce_tc_4.stopServer(ecommerce_tc_4.java:141)
at AppiumPractice.AppiumFramework.ecommerce_tc_4.stopServer(ecommerce_tc_4.java:141)
at AppiumPractice.AppiumFramework.ecommerce_tc_4.stopServer(ecommerce_tc_4.java:141)
at AppiumPractice.AppiumFramework.ecommerce_tc_4.stopServer(ecommerce_tc_4.java:141)
at AppiumPractice.AppiumFramework.ecommerce_tc_4.stopServer(ecommerce_tc_4.java:141)
at AppiumPractice.AppiumFramework.ecommerce_tc_4.stopServer(ecommerce_tc_4.java:141)
at AppiumPractice.AppiumFramework.ecommerce_tc_4.stopServer(ecommerce_tc_4.java:141)
at AppiumPractice.AppiumFramework.ecommerce_tc_4.stopServer(ecommerce_tc_4.java:141)
at AppiumPractice.AppiumFramework.ecommerce_tc_4.stopServer(ecommerce_tc_4.java:141)
at AppiumPractice.AppiumFramework.ecommerce_tc_4.stopServer(ecommerce_tc_4.java:141)
at AppiumPractice.AppiumFramework.ecommerce_tc_4.stopServer(ecommerce_tc_4.java:141)
at AppiumPractice.AppiumFramework.ecommerce_tc_4.stopServer(ecommerce_tc_4.java:141)
at AppiumPractice.AppiumFramework.ecommerce_tc_4.stopServer(ecommerce_tc_4.java:141)
at AppiumPractice.AppiumFramework.ecommerce_tc_4.stopServer(ecommerce_tc_4.java:141)
at AppiumPractice.AppiumFramework.ecommerce_tc_4.stopServer(ecommerce_tc_4.java:141)
at AppiumPractice.AppiumFramework.ecommerce_tc_4.stopServer(ecommerce_tc_4.java:141)
at AppiumPractice.AppiumFramework.ecommerce_tc_4.stopServer(ecommerce_tc_4.java:141)
at AppiumPractice.AppiumFramework.ecommerce_tc_4.stopServer(ecommerce_tc_4.java:141)
at AppiumPractice.AppiumFramework.ecommerce_tc_4.stopServer(ecommerce_tc_4.java:141)
at AppiumPractice.AppiumFramework.ecommerce_tc_4.stopServer(ecommerce_tc_4.java:141)
at AppiumPractice.AppiumFramework.ecommerce_tc_4.stopServer(ecommerce_tc_4.java:141)
at AppiumPractice.AppiumFramework.ecommerce_tc_4.stopServer(ecommerce_tc_4.java:141)
at AppiumPractice.AppiumFramework.ecommerce_tc_4.stopServer(ecommerce_tc_4.java:141)
at AppiumPractice.AppiumFramework.ecommerce_tc_4.stopServer(ecommerce_tc_4.java:141)
at AppiumPractice.AppiumFramework.ecommerce_tc_4.stopServer(ecommerce_tc_4.java:141)
at AppiumPractice.AppiumFramework.ecommerce_tc_4.stopServer(ecommerce_tc_4.java:141)
at AppiumPractice.AppiumFramework.ecommerce_tc_4.stopServer(ecommerce_tc_4.java:141)
at AppiumPractice.AppiumFramework.ecommerce_tc_4.stopServer(ecommerce_tc_4.java:141)
at AppiumPractice.AppiumFramework.ecommerce_tc_4.stopServer(ecommerce_tc_4.java:141)
at AppiumPractice.AppiumFramework.ecommerce_tc_4.stopServer(ecommerce_tc_4.java:141)
at AppiumPractice.AppiumFramework.ecommerce_tc_4.stopServer(ecommerce_tc_4.java:141)
at AppiumPractice.AppiumFramework.ecommerce_tc_4.stopServer(ecommerce_tc_4.java:141)
at AppiumPractice.AppiumFramework.ecommerce_tc_4.stopServer(ecommerce_tc_4.java:141)
at AppiumPractice.AppiumFramework.ecommerce_tc_4.stopServer(ecommerce_tc_4.java:141)
at AppiumPractice.AppiumFramework.ecommerce_tc_4.stopServer(ecommerce_tc_4.java:141)
at AppiumPractice.AppiumFramework.ecommerce_tc_4.stopServer(ecommerce_tc_4.java:141)
at AppiumPractice.AppiumFramework.ecommerce_tc_4.stopServer(ecommerce_tc_4.java:141)
at AppiumPractice.AppiumFramework.ecommerce_tc_4.stopServer(ecommerce_tc_4.java:141)
at AppiumPractice.AppiumFramework.ecommerce_tc_4.stopServer(ecommerce_tc_4.java:141)
at AppiumPractice.AppiumFramework.ecommerce_tc_4.stopServer(ecommerce_tc_4.java:141)
at AppiumPractice.AppiumFramework.ecommerce_tc_4.stopServer(ecommerce_tc_4.java:141)
at AppiumPractice.AppiumFramework.ecommerce_tc_4.stopServer(ecommerce_tc_4.java:141)
at AppiumPractice.AppiumFramework.ecommerce_tc_4.stopServer(ecommerce_tc_4.java:141)
at AppiumPractice.AppiumFramework.ecommerce_tc_4.stopServer(ecommerce_tc_4.java:141)
at AppiumPractice.AppiumFramework.ecommerce_tc_4.stopServer(ecommerce_tc_4.java:141)
at AppiumPractice.AppiumFramework.ecommerce_tc_4.stopServer(ecommerce_tc_4.java:141)
at AppiumPractice.AppiumFramework.ecommerce_tc_4.stopServer(ecommerce_tc_4.java:141)
at AppiumPractice.AppiumFramework.ecommerce_tc_4.stopServer(ecommerce_tc_4.java:141)
at AppiumPractice.AppiumFramework.ecommerce_tc_4.stopServer(ecommerce_tc_4.java:141)
at AppiumPractice.AppiumFramework.ecommerce_tc_4.stopServer(ecommerce_tc_4.java:141)
at AppiumPractice.AppiumFramework.ecommerce_tc_4.stopServer(ecommerce_tc_4.java:141)
at AppiumPractice.AppiumFramework.ecommerce_tc_4.stopServer(ecommerce_tc_4.java:141)
at AppiumPractice.AppiumFramework.ecommerce_tc_4.stopServer(ecommerce_tc_4.java:141)
at AppiumPractice.AppiumFramework.ecommerce_tc_4.stopServer(ecommerce_tc_4.java:141)
at AppiumPractice.AppiumFramework.ecommerce_tc_4.stopServer(ecommerce_tc_4.java:141)
at AppiumPractice.AppiumFramework.ecommerce_tc_4.stopServer(ecommerce_tc_4.java:141)
at AppiumPractice.AppiumFramework.ecommerce_tc_4.stopServer(ecommerce_tc_4.java:141)
at AppiumPractice.AppiumFramework.ecommerce_tc_4.stopServer(ecommerce_tc_4.java:141)
at AppiumPractice.AppiumFramework.ecommerce_tc_4.stopServer(ecommerce_tc_4.java:141)
at AppiumPractice.AppiumFramework.ecommerce_tc_4.stopServer(ecommerce_tc_4.java:141)
at AppiumPractice.AppiumFramework.ecommerce_tc_4.stopServer(ecommerce_tc_4.java:141)
at AppiumPractice.AppiumFramework.ecommerce_tc_4.stopServer(ecommerce_tc_4.java:141)
at AppiumPractice.AppiumFramework.ecommerce_tc_4.stopServer(ecommerce_tc_4.java:141)
at AppiumPractice.AppiumFramework.ecommerce_tc_4.stopServer(ecommerce_tc_4.java:141)
at AppiumPractice.AppiumFramework.ecommerce_tc_4.stopServer(ecommerce_tc_4.java:141)
at AppiumPractice.AppiumFramework.ecommerce_tc_4.stopServer(ecommerce_tc_4.java:141)
at AppiumPractice.AppiumFramework.ecommerce_tc_4.stopServer(ecommerce_tc_4.java:141)
at AppiumPractice.AppiumFramework.ecommerce_tc_4.stopServer(ecommerce_tc_4.java:141)
at AppiumPractice.AppiumFramework.ecommerce_tc_4.stopServer(ecommerce_tc_4.java:141)
at AppiumPractice.AppiumFramework.ecommerce_tc_4.stopServer(ecommerce_tc_4.java:141)
at AppiumPractice.AppiumFramework.ecommerce_tc_4.stopServer(ecommerce_tc_4.java:141)
at AppiumPractice.AppiumFramework.ecommerce_tc_4.stopServer(ecommerce_tc_4.java:141)
at AppiumPractice.AppiumFramework.ecommerce_tc_4.stopServer(ecommerce_tc_4.java:141)
at AppiumPractice.AppiumFramework.ecommerce_tc_4.stopServer(ecommerce_tc_4.java:141)
at AppiumPractice.AppiumFramework.ecommerce_tc_4.stopServer(ecommerce_tc_4.java:141)
at AppiumPractice.AppiumFramework.ecommerce_tc_4.stopServer(ecommerce_tc_4.java:141)
at AppiumPractice.AppiumFramework.ecommerce_tc_4.stopServer(ecommerce_tc_4.java:141)
at AppiumPractice.AppiumFramework.ecommerce_tc_4.stopServer(ecommerce_tc_4.java:141)
at AppiumPractice.AppiumFramework.ecommerce_tc_4.stopServer(ecommerce_tc_4.java:141)
at AppiumPractice.AppiumFramework.ecommerce_tc_4.stopServer(ecommerce_tc_4.java:141)
at AppiumPractice.AppiumFramework.ecommerce_tc_4.stopServer(ecommerce_tc_4.java:141)
at AppiumPractice.AppiumFramework.ecommerce_tc_4.stopServer(ecommerce_tc_4.java:141)
at AppiumPractice.AppiumFramework.ecommerce_tc_4.stopServer(ecommerce_tc_4.java:141)
at AppiumPractice.AppiumFramework.ecommerce_tc_4.stopServer(ecommerce_tc_4.java:141)
at AppiumPractice.AppiumFramework.ecommerce_tc_4.stopServer(ecommerce_tc_4.java:141)
at AppiumPractice.AppiumFramework.ecommerce_tc_4.stopServer(ecommerce_tc_4.java:141)
at AppiumPractice.AppiumFramework.ecommerce_tc_4.stopServer(ecommerce_tc_4.java:141)
at AppiumPractice.AppiumFramework.ecommerce_tc_4.stopServer(ecommerce_tc_4.java:141)
at AppiumPractice.AppiumFramework.ecommerce_tc_4.stopServer(ecommerce_tc_4.java:141)
at AppiumPractice.AppiumFramework.ecommerce_tc_4.stopServer(ecommerce_tc_4.java:141)
at AppiumPractice.AppiumFramework.ecommerce_tc_4.stopServer(ecommerce_tc_4.java:141)
at AppiumPractice.AppiumFramework.ecommerce_tc_4.stopServer(ecommerce_tc_4.java:141)
at AppiumPractice.AppiumFramework.ecommerce_tc_4.stopServer(ecommerce_tc_4.java:141)
at AppiumPractice.AppiumFramework.ecommerce_tc_4.stopServer(ecommerce_tc_4.java:141)
at AppiumPractice.AppiumFramework.ecommerce_tc_4.stopServer(ecommerce_tc_4.java:141)
at AppiumPractice.AppiumFramework.ecommerce_tc_4.stopServer(ecommerce_tc_4.java:141)
at AppiumPractice.AppiumFramework.ecommerce_tc_4.stopServer(ecommerce_tc_4.java:141)
at AppiumPractice.AppiumFramework.ecommerce_tc_4.stopServer(ecommerce_tc_4.java:141)
at AppiumPractice.AppiumFramework.ecommerce_tc_4.stopServer(ecommerce_tc_4.java:141)
at AppiumPractice.AppiumFramework.ecommerce_tc_4.stopServer(ecommerce_tc_4.java:141)
at AppiumPractice.AppiumFramework.ecommerce_tc_4.stopServer(ecommerce_tc_4.java:141)
at AppiumPractice.AppiumFramework.ecommerce_tc_4.stopServer(ecommerce_tc_4.java:141)
at AppiumPractice.AppiumFramework.ecommerce_tc_4.stopServer(ecommerce_tc_4.java:141)
at AppiumPractice.AppiumFramework.ecommerce_tc_4.stopServer(ecommerce_tc_4.java:141)
at AppiumPractice.AppiumFramework.ecommerce_tc_4.stopServer(ecommerce_tc_4.java:141)
at AppiumPractice.AppiumFramework.ecommerce_tc_4.stopServer(ecommerce_tc_4.java:141)
at AppiumPractice.AppiumFramework.ecommerce_tc_4.stopServer(ecommerce_tc_4.java:141)
at AppiumPractice.AppiumFramework.ecommerce_tc_4.stopServer(ecommerce_tc_4.java:141)
at AppiumPractice.AppiumFramework.ecommerce_tc_4.stopServer(ecommerce_tc_4.java:141)
at AppiumPractice.AppiumFramework.ecommerce_tc_4.stopServer(ecommerce_tc_4.java:141)
at AppiumPractice.AppiumFramework.ecommerce_tc_4.stopServer(ecommerce_tc_4.java:141)
at AppiumPractice.AppiumFramework.ecommerce_tc_4.stopServer(ecommerce_tc_4.java:141)
at AppiumPractice.AppiumFramework.ecommerce_tc_4.stopServer(ecommerce_tc_4.java:141)
at AppiumPractice.AppiumFramework.ecommerce_tc_4.stopServer(ecommerce_tc_4.java:141)
at AppiumPractice.AppiumFramework.ecommerce_tc_4.stopServer(ecommerce_tc_4.java:141)
at AppiumPractice.AppiumFramework.ecommerce_tc_4.stopServer(ecommerce_tc_4.java:141)
at AppiumPractice.AppiumFramework.ecommerce_tc_4.stopServer(ecommerce_tc_4.java:141)
at AppiumPractice.AppiumFramework.ecommerce_tc_4.stopServer(ecommerce_tc_4.java:141)
at AppiumPractice.AppiumFramework.ecommerce_tc_4.stopServer(ecommerce_tc_4.java:141)
at AppiumPractice.AppiumFramework.ecommerce_tc_4.stopServer(ecommerce_tc_4.java:141)
at AppiumPractice.AppiumFramework.ecommerce_tc_4.stopServer(ecommerce_tc_4.java:141)
at AppiumPractice.AppiumFramework.ecommerce_tc_4.stopServer(ecommerce_tc_4.java:141)
at AppiumPractice.AppiumFramework.ecommerce_tc_4.stopServer(ecommerce_tc_4.java:141)
at AppiumPractice.AppiumFramework.ecommerce_tc_4.stopServer(ecommerce_tc_4.java:141)
at AppiumPractice.AppiumFramework.ecommerce_tc_4.stopServer(ecommerce_tc_4.java:141)
at AppiumPractice.AppiumFramework.ecommerce_tc_4.stopServer(ecommerce_tc_4.java:141)
at AppiumPractice.AppiumFramework.ecommerce_tc_4.stopServer(ecommerce_tc_4.java:141)
at AppiumPractice.AppiumFramework.ecommerce_tc_4.stopServer(ecommerce_tc_4.java:141)
at AppiumPractice.AppiumFramework.ecommerce_tc_4.stopServer(ecommerce_tc_4.java:141)
at AppiumPractice.AppiumFramework.ecommerce_tc_4.stopServer(ecommerce_tc_4.java:141)
at AppiumPractice.AppiumFramework.ecommerce_tc_4.stopServer(ecommerce_tc_4.java:141)
at AppiumPractice.AppiumFramework.ecommerce_tc_4.stopServer(ecommerce_tc_4.java:141)
at AppiumPractice.AppiumFramework.ecommerce_tc_4.stopServer(ecommerce_tc_4.java:141)
at AppiumPractice.AppiumFramework.ecommerce_tc_4.stopServer(ecommerce_tc_4.java:141)
at AppiumPractice.AppiumFramework.ecommerce_tc_4.stopServer(ecommerce_tc_4.java:141)
at AppiumPractice.AppiumFramework.ecommerce_tc_4.stopServer(ecommerce_tc_4.java:141)
at AppiumPractice.AppiumFramework.ecommerce_tc_4.stopServer(ecommerce_tc_4.java:141)
at AppiumPractice.AppiumFramework.ecommerce_tc_4.stopServer(ecommerce_tc_4.java:141)
at AppiumPractice.AppiumFramework.ecommerce_tc_4.stopServer(ecommerce_tc_4.java:141)
at AppiumPractice.AppiumFramework.ecommerce_tc_4.stopServer(ecommerce_tc_4.java:141)
at AppiumPractice.AppiumFramework.ecommerce_tc_4.stopServer(ecommerce_tc_4.java:141)
at AppiumPractice.AppiumFramework.ecommerce_tc_4.stopServer(ecommerce_tc_4.java:141)
at AppiumPractice.AppiumFramework.ecommerce_tc_4.stopServer(ecommerce_tc_4.java:141)
at AppiumPractice.AppiumFramework.ecommerce_tc_4.stopServer(ecommerce_tc_4.java:141)
at AppiumPractice.AppiumFramework.ecommerce_tc_4.stopServer(ecommerce_tc_4.java:141)
at AppiumPractice.AppiumFramework.ecommerce_tc_4.stopServer(ecommerce_tc_4.java:141)
at AppiumPractice.AppiumFramework.ecommerce_tc_4.stopServer(ecommerce_tc_4.java:141)
at AppiumPractice.AppiumFramework.ecommerce_tc_4.stopServer(ecommerce_tc_4.java:141)
at AppiumPractice.AppiumFramework.ecommerce_tc_4.stopServer(ecommerce_tc_4.java:141)
at AppiumPractice.AppiumFramework.ecommerce_tc_4.stopServer(ecommerce_tc_4.java:141)
at AppiumPractice.AppiumFramework.ecommerce_tc_4.stopServer(ecommerce_tc_4.java:141)
at AppiumPractice.AppiumFramework.ecommerce_tc_4.stopServer(ecommerce_tc_4.java:141)
at AppiumPractice.AppiumFramework.ecommerce_tc_4.stopServer(ecommerce_tc_4.java:141)
at AppiumPractice.AppiumFramework.ecommerce_tc_4.stopServer(ecommerce_tc_4.java:141)
at AppiumPractice.AppiumFramework.ecommerce_tc_4.stopServer(ecommerce_tc_4.java:141)
at AppiumPractice.AppiumFramework.ecommerce_tc_4.stopServer(ecommerce_tc_4.java:141)
at AppiumPractice.AppiumFramework.ecommerce_tc_4.stopServer(ecommerce_tc_4.java:141)
at AppiumPractice.AppiumFramework.ecommerce_tc_4.stopServer(ecommerce_tc_4.java:141)
at AppiumPractice.AppiumFramework.ecommerce_tc_4.stopServer(ecommerce_tc_4.java:141)
at AppiumPractice.AppiumFramework.ecommerce_tc_4.stopServer(ecommerce_tc_4.java:141)
at AppiumPractice.AppiumFramework.ecommerce_tc_4.stopServer(ecommerce_tc_4.java:141)
at AppiumPractice.AppiumFramework.ecommerce_tc_4.stopServer(ecommerce_tc_4.java:141)
at AppiumPractice.AppiumFramework.ecommerce_tc_4.stopServer(ecommerce_tc_4.java:141)
at AppiumPractice.AppiumFramework.ecommerce_tc_4.stopServer(ecommerce_tc_4.java:141)
at AppiumPractice.AppiumFramework.ecommerce_tc_4.stopServer(ecommerce_tc_4.java:141)
at AppiumPractice.AppiumFramework.ecommerce_tc_4.stopServer(ecommerce_tc_4.java:141)
at AppiumPractice.AppiumFramework.ecommerce_tc_4.stopServer(ecommerce_tc_4.java:141)
at AppiumPractice.AppiumFramework.ecommerce_tc_4.stopServer(ecommerce_tc_4.java:141)
at AppiumPractice.AppiumFramework.ecommerce_tc_4.stopServer(ecommerce_tc_4.java:141)
at AppiumPractice.AppiumFramework.ecommerce_tc_4.stopServer(ecommerce_tc_4.java:141)
at AppiumPractice.AppiumFramework.ecommerce_tc_4.stopServer(ecommerce_tc_4.java:141)
at AppiumPractice.AppiumFramework.ecommerce_tc_4.stopServer(ecommerce_tc_4.java:141)
at AppiumPractice.AppiumFramework.ecommerce_tc_4.stopServer(ecommerce_tc_4.java:141)
at AppiumPractice.AppiumFramework.ecommerce_tc_4.stopServer(ecommerce_tc_4.java:141)
at AppiumPractice.AppiumFramework.ecommerce_tc_4.stopServer(ecommerce_tc_4.java:141)
at AppiumPractice.AppiumFramework.ecommerce_tc_4.stopServer(ecommerce_tc_4.java:141)
at AppiumPractice.AppiumFramework.ecommerce_tc_4.stopServer(ecommerce_tc_4.java:141)
at AppiumPractice.AppiumFramework.ecommerce_tc_4.stopServer(ecommerce_tc_4.java:141)
at AppiumPractice.AppiumFramework.ecommerce_tc_4.stopServer(ecommerce_tc_4.java:141)
at AppiumPractice.AppiumFramework.ecommerce_tc_4.stopServer(ecommerce_tc_4.java:141)
at AppiumPractice.AppiumFramework.ecommerce_tc_4.stopServer(ecommerce_tc_4.java:141)
at AppiumPractice.AppiumFramework.ecommerce_tc_4.stopServer(ecommerce_tc_4.java:141)
at AppiumPractice.AppiumFramework.ecommerce_tc_4.stopServer(ecommerce_tc_4.java:141)
at AppiumPractice.AppiumFramework.ecommerce_tc_4.stopServer(ecommerce_tc_4.java:141)
at AppiumPractice.AppiumFramework.ecommerce_tc_4.stopServer(ecommerce_tc_4.java:141)
at AppiumPractice.AppiumFramework.ecommerce_tc_4.stopServer(ecommerce_tc_4.java:141)
at AppiumPractice.AppiumFramework.ecommerce_tc_4.stopServer(ecommerce_tc_4.java:141)
at AppiumPractice.AppiumFramework.ecommerce_tc_4.stopServer(ecommerce_tc_4.java:141)
at AppiumPractice.AppiumFramework.ecommerce_tc_4.stopServer(ecommerce_tc_4.java:141)
at AppiumPractice.AppiumFramework.ecommerce_tc_4.stopServer(ecommerce_tc_4.java:141)
at AppiumPractice.AppiumFramework.ecommerce_tc_4.stopServer(ecommerce_tc_4.java:141)
at AppiumPractice.AppiumFramework.ecommerce_tc_4.stopServer(ecommerce_tc_4.java:141)
at AppiumPractice.AppiumFramework.ecommerce_tc_4.stopServer(ecommerce_tc_4.java:141)
at AppiumPractice.AppiumFramework.ecommerce_tc_4.stopServer(ecommerce_tc_4.java:141)
at AppiumPractice.AppiumFramework.ecommerce_tc_4.stopServer(ecommerce_tc_4.java:141)
at AppiumPractice.AppiumFramework.ecommerce_tc_4.stopServer(ecommerce_tc_4.java:141)
at AppiumPractice.AppiumFramework.ecommerce_tc_4.stopServer(ecommerce_tc_4.java:141)
at AppiumPractice.AppiumFramework.ecommerce_tc_4.stopServer(ecommerce_tc_4.java:141)
at AppiumPractice.AppiumFramework.ecommerce_tc_4.stopServer(ecommerce_tc_4.java:141)
at AppiumPractice.AppiumFramework.ecommerce_tc_4.stopServer(ecommerce_tc_4.java:141)
at AppiumPractice.AppiumFramework.ecommerce_tc_4.stopServer(ecommerce_tc_4.java:141)
at AppiumPractice.AppiumFramework.ecommerce_tc_4.stopServer(ecommerce_tc_4.java:141)
at AppiumPractice.AppiumFramework.ecommerce_tc_4.stopServer(ecommerce_tc_4.java:141)
at AppiumPractice.AppiumFramework.ecommerce_tc_4.stopServer(ecommerce_tc_4.java:141)
at AppiumPractice.AppiumFramework.ecommerce_tc_4.stopServer(ecommerce_tc_4.java:141)
at AppiumPractice.AppiumFramework.ecommerce_tc_4.stopServer(ecommerce_tc_4.java:141)
at AppiumPractice.AppiumFramework.ecommerce_tc_4.stopServer(ecommerce_tc_4.java:141)
at AppiumPractice.AppiumFramework.ecommerce_tc_4.stopServer(ecommerce_tc_4.java:141)
at AppiumPractice.AppiumFramework.ecommerce_tc_4.stopServer(ecommerce_tc_4.java:141)
at AppiumPractice.AppiumFramework.ecommerce_tc_4.stopServer(ecommerce_tc_4.java:141)
at AppiumPractice.AppiumFramework.ecommerce_tc_4.stopServer(ecommerce_tc_4.java:141)
at AppiumPractice.AppiumFramework.ecommerce_tc_4.stopServer(ecommerce_tc_4.java:141)
at AppiumPractice.AppiumFramework.ecommerce_tc_4.stopServer(ecommerce_tc_4.java:141)
at AppiumPractice.AppiumFramework.ecommerce_tc_4.stopServer(ecommerce_tc_4.java:141)
at AppiumPractice.AppiumFramework.ecommerce_tc_4.stopServer(ecommerce_tc_4.java:141)
at AppiumPractice.AppiumFramework.ecommerce_tc_4.stopServer(ecommerce_tc_4.java:141)
at AppiumPractice.AppiumFramework.ecommerce_tc_4.stopServer(ecommerce_tc_4.java:141)
at AppiumPractice.AppiumFramework.ecommerce_tc_4.stopServer(ecommerce_tc_4.java:141)
at AppiumPractice.AppiumFramework.ecommerce_tc_4.stopServer(ecommerce_tc_4.java:141)
at AppiumPractice.AppiumFramework.ecommerce_tc_4.stopServer(ecommerce_tc_4.java:141)
at AppiumPractice.AppiumFramework.ecommerce_tc_4.stopServer(ecommerce_tc_4.java:141)
at AppiumPractice.AppiumFramework.ecommerce_tc_4.stopServer(ecommerce_tc_4.java:141)
at AppiumPractice.AppiumFramework.ecommerce_tc_4.stopServer(ecommerce_tc_4.java:141)
at AppiumPractice.AppiumFramework.ecommerce_tc_4.stopServer(ecommerce_tc_4.java:141)
at AppiumPractice.AppiumFramework.ecommerce_tc_4.stopServer(ecommerce_tc_4.java:141)
at AppiumPractice.AppiumFramework.ecommerce_tc_4.stopServer(ecommerce_tc_4.java:141)
at AppiumPractice.AppiumFramework.ecommerce_tc_4.stopServer(ecommerce_tc_4.java:141)
at AppiumPractice.AppiumFramework.ecommerce_tc_4.stopServer(ecommerce_tc_4.java:141)
at AppiumPractice.AppiumFramework.ecommerce_tc_4.stopServer(ecommerce_tc_4.java:141)
at AppiumPractice.AppiumFramework.ecommerce_tc_4.stopServer(ecommerce_tc_4.java:141)
at AppiumPractice.AppiumFramework.ecommerce_tc_4.stopServer(ecommerce_tc_4.java:141)
at AppiumPractice.AppiumFramework.ecommerce_tc_4.stopServer(ecommerce_tc_4.java:141)
at AppiumPractice.AppiumFramework.ecommerce_tc_4.stopServer(ecommerce_tc_4.java:141)
at AppiumPractice.AppiumFramework.ecommerce_tc_4.stopServer(ecommerce_tc_4.java:141)
at AppiumPractice.AppiumFramework.ecommerce_tc_4.stopServer(ecommerce_tc_4.java:141)
at AppiumPractice.AppiumFramework.ecommerce_tc_4.stopServer(ecommerce_tc_4.java:141)
at AppiumPractice.AppiumFramework.ecommerce_tc_4.stopServer(ecommerce_tc_4.java:141)
at AppiumPractice.AppiumFramework.ecommerce_tc_4.stopServer(ecommerce_tc_4.java:141)
at AppiumPractice.AppiumFramework.ecommerce_tc_4.stopServer(ecommerce_tc_4.java:141)
at AppiumPractice.AppiumFramework.ecommerce_tc_4.stopServer(ecommerce_tc_4.java:141)
at AppiumPractice.AppiumFramework.ecommerce_tc_4.stopServer(ecommerce_tc_4.java:141)
at AppiumPractice.AppiumFramework.ecommerce_tc_4.stopServer(ecommerce_tc_4.java:141)
at AppiumPractice.AppiumFramework.ecommerce_tc_4.stopServer(ecommerce_tc_4.java:141)
at AppiumPractice.AppiumFramework.ecommerce_tc_4.stopServer(ecommerce_tc_4.java:141)
at AppiumPractice.AppiumFramework.ecommerce_tc_4.stopServer(ecommerce_tc_4.java:141)
at AppiumPractice.AppiumFramework.ecommerce_tc_4.stopServer(ecommerce_tc_4.java:141)
at AppiumPractice.AppiumFramework.ecommerce_tc_4.stopServer(ecommerce_tc_4.java:141)
at AppiumPractice.AppiumFramework.ecommerce_tc_4.stopServer(ecommerce_tc_4.java:141)
at AppiumPractice.AppiumFramework.ecommerce_tc_4.stopServer(ecommerce_tc_4.java:141)
at AppiumPractice.AppiumFramework.ecommerce_tc_4.stopServer(ecommerce_tc_4.java:141)
at AppiumPractice.AppiumFramework.ecommerce_tc_4.stopServer(ecommerce_tc_4.java:141)
at AppiumPractice.AppiumFramework.ecommerce_tc_4.stopServer(ecommerce_tc_4.java:141)
at AppiumPractice.AppiumFramework.ecommerce_tc_4.stopServer(ecommerce_tc_4.java:141)
at AppiumPractice.AppiumFramework.ecommerce_tc_4.stopServer(ecommerce_tc_4.java:141)
at AppiumPractice.AppiumFramework.ecommerce_tc_4.stopServer(ecommerce_tc_4.java:141)
at AppiumPractice.AppiumFramework.ecommerce_tc_4.stopServer(ecommerce_tc_4.java:141)
at AppiumPractice.AppiumFramework.ecommerce_tc_4.stopServer(ecommerce_tc_4.java:141)
at AppiumPractice.AppiumFramework.ecommerce_tc_4.stopServer(ecommerce_tc_4.java:141)
at AppiumPractice.AppiumFramework.ecommerce_tc_4.stopServer(ecommerce_tc_4.java:141)
at AppiumPractice.AppiumFramework.ecommerce_tc_4.stopServer(ecommerce_tc_4.java:141)
at AppiumPractice.AppiumFramework.ecommerce_tc_4.stopServer(ecommerce_tc_4.java:141)
at AppiumPractice.AppiumFramework.ecommerce_tc_4.stopServer(ecommerce_tc_4.java:141)
at AppiumPractice.AppiumFramework.ecommerce_tc_4.stopServer(ecommerce_tc_4.java:141)
at AppiumPractice.AppiumFramework.ecommerce_tc_4.stopServer(ecommerce_tc_4.java:141)
at AppiumPractice.AppiumFramework.ecommerce_tc_4.stopServer(ecommerce_tc_4.java:141)
at AppiumPractice.AppiumFramework.ecommerce_tc_4.stopServer(ecommerce_tc_4.java:141)
at AppiumPractice.AppiumFramework.ecommerce_tc_4.stopServer(ecommerce_tc_4.java:141)
at AppiumPractice.AppiumFramework.ecommerce_tc_4.stopServer(ecommerce_tc_4.java:141)
at AppiumPractice.AppiumFramework.ecommerce_tc_4.stopServer(ecommerce_tc_4.java:141)
at AppiumPractice.AppiumFramework.ecommerce_tc_4.stopServer(ecommerce_tc_4.java:141)
at AppiumPractice.AppiumFramework.ecommerce_tc_4.stopServer(ecommerce_tc_4.java:141)
at AppiumPractice.AppiumFramework.ecommerce_tc_4.stopServer(ecommerce_tc_4.java:141)
at AppiumPractice.AppiumFramework.ecommerce_tc_4.stopServer(ecommerce_tc_4.java:141)
at AppiumPractice.AppiumFramework.ecommerce_tc_4.stopServer(ecommerce_tc_4.java:141)
at AppiumPractice.AppiumFramework.ecommerce_tc_4.stopServer(ecommerce_tc_4.java:141)
at AppiumPractice.AppiumFramework.ecommerce_tc_4.stopServer(ecommerce_tc_4.java:141)
at AppiumPractice.AppiumFramework.ecommerce_tc_4.stopServer(ecommerce_tc_4.java:141)
at AppiumPractice.AppiumFramework.ecommerce_tc_4.stopServer(ecommerce_tc_4.java:141)
at AppiumPractice.AppiumFramework.ecommerce_tc_4.stopServer(ecommerce_tc_4.java:141)
at AppiumPractice.AppiumFramework.ecommerce_tc_4.stopServer(ecommerce_tc_4.java:141)
at AppiumPractice.AppiumFramework.ecommerce_tc_4.stopServer(ecommerce_tc_4.java:141)
at AppiumPractice.AppiumFramework.ecommerce_tc_4.stopServer(ecommerce_tc_4.java:141)
at AppiumPractice.AppiumFramework.ecommerce_tc_4.stopServer(ecommerce_tc_4.java:141)
at AppiumPractice.AppiumFramework.ecommerce_tc_4.stopServer(ecommerce_tc_4.java:141)
at AppiumPractice.AppiumFramework.ecommerce_tc_4.stopServer(ecommerce_tc_4.java:141)
at AppiumPractice.AppiumFramework.ecommerce_tc_4.stopServer(ecommerce_tc_4.java:141)
at AppiumPractice.AppiumFramework.ecommerce_tc_4.stopServer(ecommerce_tc_4.java:141)
at AppiumPractice.AppiumFramework.ecommerce_tc_4.stopServer(ecommerce_tc_4.java:141)
at AppiumPractice.AppiumFramework.ecommerce_tc_4.stopServer(ecommerce_tc_4.java:141)
at AppiumPractice.AppiumFramework.ecommerce_tc_4.stopServer(ecommerce_tc_4.java:141)
at AppiumPractice.AppiumFramework.ecommerce_tc_4.stopServer(ecommerce_tc_4.java:141)
at AppiumPractice.AppiumFramework.ecommerce_tc_4.stopServer(ecommerce_tc_4.java:141)
at AppiumPractice.AppiumFramework.ecommerce_tc_4.stopServer(ecommerce_tc_4.java:141)
at AppiumPractice.AppiumFramework.ecommerce_tc_4.stopServer(ecommerce_tc_4.java:141)
at AppiumPractice.AppiumFramework.ecommerce_tc_4.stopServer(ecommerce_tc_4.java:141)
at AppiumPractice.AppiumFramework.ecommerce_tc_4.stopServer(ecommerce_tc_4.java:141)
at AppiumPractice.AppiumFramework.ecommerce_tc_4.stopServer(ecommerce_tc_4.java:141)
at AppiumPractice.AppiumFramework.ecommerce_tc_4.stopServer(ecommerce_tc_4.java:141)
at AppiumPractice.AppiumFramework.ecommerce_tc_4.stopServer(ecommerce_tc_4.java:141)
at AppiumPractice.AppiumFramework.ecommerce_tc_4.stopServer(ecommerce_tc_4.java:141)
at AppiumPractice.AppiumFramework.ecommerce_tc_4.stopServer(ecommerce_tc_4.java:141)
at AppiumPractice.AppiumFramework.ecommerce_tc_4.stopServer(ecommerce_tc_4.java:141)
at AppiumPractice.AppiumFramework.ecommerce_tc_4.stopServer(ecommerce_tc_4.java:141)
at AppiumPractice.AppiumFramework.ecommerce_tc_4.stopServer(ecommerce_tc_4.java:141)
at AppiumPractice.AppiumFramework.ecommerce_tc_4.stopServer(ecommerce_tc_4.java:141)
at AppiumPractice.AppiumFramework.ecommerce_tc_4.stopServer(ecommerce_tc_4.java:141)
at AppiumPractice.AppiumFramework.ecommerce_tc_4.stopServer(ecommerce_tc_4.java:141)
at AppiumPractice.AppiumFramework.ecommerce_tc_4.stopServer(ecommerce_tc_4.java:141)
at AppiumPractice.AppiumFramework.ecommerce_tc_4.stopServer(ecommerce_tc_4.java:141)
at AppiumPractice.AppiumFramework.ecommerce_tc_4.stopServer(ecommerce_tc_4.java:141)
at AppiumPractice.AppiumFramework.ecommerce_tc_4.stopServer(ecommerce_tc_4.java:141)
at AppiumPractice.AppiumFramework.ecommerce_tc_4.stopServer(ecommerce_tc_4.java:141)
at AppiumPractice.AppiumFramework.ecommerce_tc_4.stopServer(ecommerce_tc_4.java:141)
at AppiumPractice.AppiumFramework.ecommerce_tc_4.stopServer(ecommerce_tc_4.java:141)
at AppiumPractice.AppiumFramework.ecommerce_tc_4.stopServer(ecommerce_tc_4.java:141)
at AppiumPractice.AppiumFramework.ecommerce_tc_4.stopServer(ecommerce_tc_4.java:141)
at AppiumPractice.AppiumFramework.ecommerce_tc_4.stopServer(ecommerce_tc_4.java:141)
at AppiumPractice.AppiumFramework.ecommerce_tc_4.stopServer(ecommerce_tc_4.java:141)
at AppiumPractice.AppiumFramework.ecommerce_tc_4.stopServer(ecommerce_tc_4.java:141)
at AppiumPractice.AppiumFramework.ecommerce_tc_4.stopServer(ecommerce_tc_4.java:141)
at AppiumPractice.AppiumFramework.ecommerce_tc_4.stopServer(ecommerce_tc_4.java:141)
at AppiumPractice.AppiumFramework.ecommerce_tc_4.stopServer(ecommerce_tc_4.java:141)
at AppiumPractice.AppiumFramework.ecommerce_tc_4.stopServer(ecommerce_tc_4.java:141)
at AppiumPractice.AppiumFramework.ecommerce_tc_4.stopServer(ecommerce_tc_4.java:141)
at AppiumPractice.AppiumFramework.ecommerce_tc_4.stopServer(ecommerce_tc_4.java:141)
at AppiumPractice.AppiumFramework.ecommerce_tc_4.stopServer(ecommerce_tc_4.java:141)
at AppiumPractice.AppiumFramework.ecommerce_tc_4.stopServer(ecommerce_tc_4.java:141)
at AppiumPractice.AppiumFramework.ecommerce_tc_4.stopServer(ecommerce_tc_4.java:141)
at AppiumPractice.AppiumFramework.ecommerce_tc_4.stopServer(ecommerce_tc_4.java:141)
at AppiumPractice.AppiumFramework.ecommerce_tc_4.stopServer(ecommerce_tc_4.java:141)
at AppiumPractice.AppiumFramework.ecommerce_tc_4.stopServer(ecommerce_tc_4.java:141)
at AppiumPractice.AppiumFramework.ecommerce_tc_4.stopServer(ecommerce_tc_4.java:141)
at AppiumPractice.AppiumFramework.ecommerce_tc_4.stopServer(ecommerce_tc_4.java:141)
at AppiumPractice.AppiumFramework.ecommerce_tc_4.stopServer(ecommerce_tc_4.java:141)
at AppiumPractice.AppiumFramework.ecommerce_tc_4.stopServer(ecommerce_tc_4.java:141)
at AppiumPractice.AppiumFramework.ecommerce_tc_4.stopServer(ecommerce_tc_4.java:141)
at AppiumPractice.AppiumFramework.ecommerce_tc_4.stopServer(ecommerce_tc_4.java:141)
at AppiumPractice.AppiumFramework.ecommerce_tc_4.stopServer(ecommerce_tc_4.java:141)
at AppiumPractice.AppiumFramework.ecommerce_tc_4.stopServer(ecommerce_tc_4.java:141)
at AppiumPractice.AppiumFramework.ecommerce_tc_4.stopServer(ecommerce_tc_4.java:141)
at AppiumPractice.AppiumFramework.ecommerce_tc_4.stopServer(ecommerce_tc_4.java:141)
at AppiumPractice.AppiumFramework.ecommerce_tc_4.stopServer(ecommerce_tc_4.java:141)
at AppiumPractice.AppiumFramework.ecommerce_tc_4.stopServer(ecommerce_tc_4.java:141)
at AppiumPractice.AppiumFramework.ecommerce_tc_4.stopServer(ecommerce_tc_4.java:141)
at AppiumPractice.AppiumFramework.ecommerce_tc_4.stopServer(ecommerce_tc_4.java:141)
at AppiumPractice.AppiumFramework.ecommerce_tc_4.stopServer(ecommerce_tc_4.java:141)
at AppiumPractice.AppiumFramework.ecommerce_tc_4.stopServer(ecommerce_tc_4.java:141)
at AppiumPractice.AppiumFramework.ecommerce_tc_4.stopServer(ecommerce_tc_4.java:141)
at AppiumPractice.AppiumFramework.ecommerce_tc_4.stopServer(ecommerce_tc_4.java:141)
at AppiumPractice.AppiumFramework.ecommerce_tc_4.stopServer(ecommerce_tc_4.java:141)
at AppiumPractice.AppiumFramework.ecommerce_tc_4.stopServer(ecommerce_tc_4.java:141)
at AppiumPractice.AppiumFramework.ecommerce_tc_4.stopServer(ecommerce_tc_4.java:141)
at AppiumPractice.AppiumFramework.ecommerce_tc_4.stopServer(ecommerce_tc_4.java:141)
at AppiumPractice.AppiumFramework.ecommerce_tc_4.stopServer(ecommerce_tc_4.java:141)
at AppiumPractice.AppiumFramework.ecommerce_tc_4.stopServer(ecommerce_tc_4.java:141)
at AppiumPractice.AppiumFramework.ecommerce_tc_4.stopServer(ecommerce_tc_4.java:141)
at AppiumPractice.AppiumFramework.ecommerce_tc_4.stopServer(ecommerce_tc_4.java:141)
at AppiumPractice.AppiumFramework.ecommerce_tc_4.stopServer(ecommerce_tc_4.java:141)
at AppiumPractice.AppiumFramework.ecommerce_tc_4.stopServer(ecommerce_tc_4.java:141)
at AppiumPractice.AppiumFramework.ecommerce_tc_4.stopServer(ecommerce_tc_4.java:141)
at AppiumPractice.AppiumFramework.ecommerce_tc_4.stopServer(ecommerce_tc_4.java:141)
at AppiumPractice.AppiumFramework.ecommerce_tc_4.stopServer(ecommerce_tc_4.java:141)
at AppiumPractice.AppiumFramework.ecommerce_tc_4.stopServer(ecommerce_tc_4.java:141)
at AppiumPractice.AppiumFramework.ecommerce_tc_4.stopServer(ecommerce_tc_4.java:141)
at AppiumPractice.AppiumFramework.ecommerce_tc_4.stopServer(ecommerce_tc_4.java:141)
at AppiumPractice.AppiumFramework.ecommerce_tc_4.stopServer(ecommerce_tc_4.java:141)
at AppiumPractice.AppiumFramework.ecommerce_tc_4.stopServer(ecommerce_tc_4.java:141)
at AppiumPractice.AppiumFramework.ecommerce_tc_4.stopServer(ecommerce_tc_4.java:141)
at AppiumPractice.AppiumFramework.ecommerce_tc_4.stopServer(ecommerce_tc_4.java:141)
at AppiumPractice.AppiumFramework.ecommerce_tc_4.stopServer(ecommerce_tc_4.java:141)
at AppiumPractice.AppiumFramework.ecommerce_tc_4.stopServer(ecommerce_tc_4.java:141)
at AppiumPractice.AppiumFramework.ecommerce_tc_4.stopServer(ecommerce_tc_4.java:141)
at AppiumPractice.AppiumFramework.ecommerce_tc_4.stopServer(ecommerce_tc_4.java:141)
at AppiumPractice.AppiumFramework.ecommerce_tc_4.stopServer(ecommerce_tc_4.java:141)
at AppiumPractice.AppiumFramework.ecommerce_tc_4.stopServer(ecommerce_tc_4.java:141)
at AppiumPractice.AppiumFramework.ecommerce_tc_4.stopServer(ecommerce_tc_4.java:141)
at AppiumPractice.AppiumFramework.ecommerce_tc_4.stopServer(ecommerce_tc_4.java:141)
at AppiumPractice.AppiumFramework.ecommerce_tc_4.stopServer(ecommerce_tc_4.java:141)
at AppiumPractice.AppiumFramework.ecommerce_tc_4.stopServer(ecommerce_tc_4.java:141)
at AppiumPractice.AppiumFramework.ecommerce_tc_4.stopServer(ecommerce_tc_4.java:141)
at AppiumPractice.AppiumFramework.ecommerce_tc_4.stopServer(ecommerce_tc_4.java:141)
at AppiumPractice.AppiumFramework.ecommerce_tc_4.stopServer(ecommerce_tc_4.java:141)
at AppiumPractice.AppiumFramework.ecommerce_tc_4.stopServer(ecommerce_tc_4.java:141)
at AppiumPractice.AppiumFramework.ecommerce_tc_4.stopServer(ecommerce_tc_4.java:141)
at AppiumPractice.AppiumFramework.ecommerce_tc_4.stopServer(ecommerce_tc_4.java:141)
at AppiumPractice.AppiumFramework.ecommerce_tc_4.stopServer(ecommerce_tc_4.java:141)
at AppiumPractice.AppiumFramework.ecommerce_tc_4.stopServer(ecommerce_tc_4.java:141)
at AppiumPractice.AppiumFramework.ecommerce_tc_4.stopServer(ecommerce_tc_4.java:141)
at AppiumPractice.AppiumFramework.ecommerce_tc_4.stopServer(ecommerce_tc_4.java:141)
at AppiumPractice.AppiumFramework.ecommerce_tc_4.stopServer(ecommerce_tc_4.java:141)
at AppiumPractice.AppiumFramework.ecommerce_tc_4.stopServer(ecommerce_tc_4.java:141)
at AppiumPractice.AppiumFramework.ecommerce_tc_4.stopServer(ecommerce_tc_4.java:141)
at AppiumPractice.AppiumFramework.ecommerce_tc_4.stopServer(ecommerce_tc_4.java:141)
at AppiumPractice.AppiumFramework.ecommerce_tc_4.stopServer(ecommerce_tc_4.java:141)
at AppiumPractice.AppiumFramework.ecommerce_tc_4.stopServer(ecommerce_tc_4.java:141)
at AppiumPractice.AppiumFramework.ecommerce_tc_4.stopServer(ecommerce_tc_4.java:141)
at AppiumPractice.AppiumFramework.ecommerce_tc_4.stopServer(ecommerce_tc_4.java:141)
at AppiumPractice.AppiumFramework.ecommerce_tc_4.stopServer(ecommerce_tc_4.java:141)
at AppiumPractice.AppiumFramework.ecommerce_tc_4.stopServer(ecommerce_tc_4.java:141)
at AppiumPractice.AppiumFramework.ecommerce_tc_4.stopServer(ecommerce_tc_4.java:141)
at AppiumPractice.AppiumFramework.ecommerce_tc_4.stopServer(ecommerce_tc_4.java:141)
at AppiumPractice.AppiumFramework.ecommerce_tc_4.stopServer(ecommerce_tc_4.java:141)
at AppiumPractice.AppiumFramework.ecommerce_tc_4.stopServer(ecommerce_tc_4.java:141)
at AppiumPractice.AppiumFramework.ecommerce_tc_4.stopServer(ecommerce_tc_4.java:141)
at AppiumPractice.AppiumFramework.ecommerce_tc_4.stopServer(ecommerce_tc_4.java:141)
at AppiumPractice.AppiumFramework.ecommerce_tc_4.stopServer(ecommerce_tc_4.java:141)
at AppiumPractice.AppiumFramework.ecommerce_tc_4.stopServer(ecommerce_tc_4.java:141)
at AppiumPractice.AppiumFramework.ecommerce_tc_4.stopServer(ecommerce_tc_4.java:141)
at AppiumPractice.AppiumFramework.ecommerce_tc_4.stopServer(ecommerce_tc_4.java:141)
at AppiumPractice.AppiumFramework.ecommerce_tc_4.stopServer(ecommerce_tc_4.java:141)
]]>
    </error>
  </testcase> <!-- stopServer -->
  <system-out/>
  <testcase classname="AppiumPractice.AppiumFramework.ecommerce_tc_4" name="validateAmount" time="117.164"/>
  <system-out/>
</testsuite> <!-- AppiumPractice.AppiumFramework.ecommerce_tc_4 -->
