<?xml version="1.0" encoding="UTF-8"?>
<!-- Generated by org.testng.reporters.JUnitReportReporter -->
<testsuite hostname="CAMKHWNCN4853XB" failures="0" tests="3" name="AppiumPractice.AppiumFramework.AppTest" time="0.006" errors="0" timestamp="2022-05-15T00:41:02 EDT" skipped="0">
  <testcase classname="AppiumPractice.AppiumFramework.AppTest" name="sampleTest1" time="0.002"/>
  <system-out/>
  <testcase classname="AppiumPractice.AppiumFramework.AppTest" name="shouldAnswerWithTrue" time="0.003"/>
  <system-out/>
  <testcase classname="AppiumPractice.AppiumFramework.AppTest" name="sampleTest" time="0.001"/>
  <system-out/>
</testsuite> <!-- AppiumPractice.AppiumFramework.AppTest -->
