<?xml version="1.0" encoding="UTF-8"?>
<!-- Generated by org.testng.reporters.JUnitReportReporter -->
<testsuite skipped="0" hostname="CAMKHWNCN4853XB" name="MavenTestProject.Mavenjava.RestAPITest" tests="1" failures="0" timestamp="2022-03-12T16:11:17 EST" time="0.004" errors="0">
  <testcase name="restAPITest1" time="0.004" classname="MavenTestProject.Mavenjava.RestAPITest"/>
  <system-out/>
</testsuite> <!-- MavenTestProject.Mavenjava.RestAPITest -->
