<?xml version="1.0" encoding="UTF-8"?>
<!-- Generated by org.testng.reporters.JUnitReportReporter -->
<testsuite skipped="0" hostname="CAMKHWNCN4853XB" name="MavenTestProject.Mavenjava.SeleniumTest" tests="1" failures="0" timestamp="2022-03-12T16:11:17 EST" time="0.000" errors="0">
  <testcase name="seleniumTest1" time="0.000" classname="MavenTestProject.Mavenjava.SeleniumTest"/>
  <system-out/>
</testsuite> <!-- MavenTestProject.Mavenjava.SeleniumTest -->
